{"meta": {"format": 3, "version": "7.13.1", "timestamp": "2026-01-03T23:55:49.391994", "branch_coverage": false, "show_contexts": false}, "files": {"src\\ptk_repl\\__init__.py": {"executed_lines": [6, 8, 10], "summary": {"covered_lines": 3, "num_statements": 3, "percent_covered": 100.0, "percent_covered_display": "100", "missing_lines": 0, "excluded_lines": 0, "percent_statements_covered": 100.0, "percent_statements_covered_display": "100"}, "missing_lines": [], "excluded_lines": [], "functions": {"": {"executed_lines": [6, 8, 10], "summary": {"covered_lines": 3, "num_statements": 3, "percent_covered": 100.0, "percent_covered_display": "100", "missing_lines": 0, "excluded_lines": 0, "percent_statements_covered": 100.0, "percent_statements_covered_display": "100"}, "missing_lines": [], "excluded_lines": [], "start_line": 1}}, "classes": {"": {"executed_lines": [6, 8, 10], "summary": {"covered_lines": 3, "num_statements": 3, "percent_covered": 100.0, "percent_covered_display": "100", "missing_lines": 0, "excluded_lines": 0, "percent_statements_covered": 100.0, "percent_statements_covered_display": "100"}, "missing_lines": [], "excluded_lines": [], "start_line": 1}}}, "src\\ptk_repl\\__main__.py": {"executed_lines": [], "summary": {"covered_lines": 0, "num_statements": 6, "percent_covered": 0.0, "percent_covered_display": "0", "missing_lines": 6, "excluded_lines": 0, "percent_statements_covered": 0.0, "percent_statements_covered_display": "0"}, "missing_lines": [6, 9, 11, 12, 15, 16], "excluded_lines": [], "functions": {"main": {"executed_lines": [], "summary": {"covered_lines": 0, "num_statements": 2, "percent_covered": 0.0, "percent_covered_display": "0", "missing_lines": 2, "excluded_lines": 0, "percent_statements_covered": 0.0, "percent_statements_covered_display": "0"}, "missing_lines": [11, 12], "excluded_lines": [], "start_line": 9}, "": {"executed_lines": [], "summary": {"covered_lines": 0, "num_statements": 4, "percent_covered": 0.0, "percent_covered_display": "0", "missing_lines": 4, "excluded_lines": 0, "percent_statements_covered": 0.0, "percent_statements_covered_display": "0"}, "missing_lines": [6, 9, 15, 16], "excluded_lines": [], "start_line": 1}}, "classes": {"": {"executed_lines": [], "summary": {"covered_lines": 0, "num_statements": 6, "percent_covered": 0.0, "percent_covered_display": "0", "missing_lines": 6, "excluded_lines": 0, "percent_statements_covered": 0.0, "percent_statements_covered_display": "0"}, "missing_lines": [6, 9, 11, 12, 15, 16], "excluded_lines": [], "start_line": 1}}}, "src\\ptk_repl\\_pyinstaller.py": {"executed_lines": [], "summary": {"covered_lines": 0, "num_statements": 2, "percent_covered": 0.0, "percent_covered_display": "0", "missing_lines": 2, "excluded_lines": 0, "percent_statements_covered": 0.0, "percent_statements_covered_display": "0"}, "missing_lines": [12, 23], "excluded_lines": [], "functions": {"": {"executed_lines": [], "summary": {"covered_lines": 0, "num_statements": 2, "percent_covered": 0.0, "percent_covered_display": "0", "missing_lines": 2, "excluded_lines": 0, "percent_statements_covered": 0.0, "percent_statements_covered_display": "0"}, "missing_lines": [12, 23], "excluded_lines": [], "start_line": 1}}, "classes": {"": {"executed_lines": [], "summary": {"covered_lines": 0, "num_statements": 2, "percent_covered": 0.0, "percent_covered_display": "0", "missing_lines": 2, "excluded_lines": 0, "percent_statements_covered": 0.0, "percent_statements_covered_display": "0"}, "missing_lines": [12, 23], "excluded_lines": [], "start_line": 1}}}, "src\\ptk_repl\\cli.py": {"executed_lines": [3, 4, 5, 7, 8, 9, 10, 12, 13, 14, 15, 16, 17, 18, 19, 20, 21, 27, 35, 94, 115, 123, 141, 240, 268, 276, 284, 308, 317], "summary": {"covered_lines": 29, "num_statements": 113, "percent_covered": 25.663716814159294, "percent_covered_display": "26", "missing_lines": 84, "excluded_lines": 2, "percent_statements_covered": 25.663716814159294, "percent_statements_covered_display": "26"}, "missing_lines": [43, 44, 45, 48, 49, 50, 52, 63, 64, 65, 68, 69, 71, 82, 89, 92, 96, 98, 99, 100, 101, 102, 104, 106, 107, 108, 109, 110, 111, 112, 113, 121, 138, 139, 180, 182, 185, 187, 188, 194, 195, 196, 199, 200, 201, 202, 203, 204, 205, 208, 211, 212, 215, 216, 218, 219, 221, 224, 225, 228, 231, 234, 236, 238, 259, 261, 263, 266, 274, 282, 286, 287, 290, 293, 296, 299, 302, 303, 304, 305, 306, 314, 322, 323], "excluded_lines": [23, 24], "functions": {"PromptToolkitCLI.__init__": {"executed_lines": [], "summary": {"covered_lines": 0, "num_statements": 16, "percent_covered": 0.0, "percent_covered_display": "0", "missing_lines": 16, "excluded_lines": 0, "percent_statements_covered": 0.0, "percent_statements_covered_display": "0"}, "missing_lines": [43, 44, 45, 48, 49, 50, 52, 63, 64, 65, 68, 69, 71, 82, 89, 92], "excluded_lines": [], "start_line": 35}, "PromptToolkitCLI.run": {"executed_lines": [], "summary": {"covered_lines": 0, "num_statements": 15, "percent_covered": 0.0, "percent_covered_display": "0", "missing_lines": 15, "excluded_lines": 0, "percent_statements_covered": 0.0, "percent_statements_covered_display": "0"}, "missing_lines": [96, 98, 99, 100, 101, 102, 104, 106, 107, 108, 109, 110, 111, 112, 113], "excluded_lines": [], "start_line": 94}, "PromptToolkitCLI._execute_command": {"executed_lines": [], "summary": {"covered_lines": 0, "num_statements": 1, "percent_covered": 0.0, "percent_covered_display": "0", "missing_lines": 1, "excluded_lines": 0, "percent_statements_covered": 0.0, "percent_statements_covered_display": "0"}, "missing_lines": [121], "excluded_lines": [], "start_line": 115}, "PromptToolkitCLI.register_command": {"executed_lines": [], "summary": {"covered_lines": 0, "num_statements": 2, "percent_covered": 0.0, "percent_covered_display": "0", "missing_lines": 2, "excluded_lines": 0, "percent_statements_covered": 0.0, "percent_statements_covered_display": "0"}, "missing_lines": [138, 139], "excluded_lines": [], "start_line": 123}, "PromptToolkitCLI.command": {"executed_lines": [], "summary": {"covered_lines": 0, "num_statements": 2, "percent_covered": 0.0, "percent_covered_display": "0", "missing_lines": 2, "excluded_lines": 0, "percent_statements_covered": 0.0, "percent_statements_covered_display": "0"}, "missing_lines": [180, 238], "excluded_lines": [], "start_line": 141}, "PromptToolkitCLI.command.decorator": {"executed_lines": [], "summary": {"covered_lines": 0, "num_statements": 28, "percent_covered": 0.0, "percent_covered_display": "0", "missing_lines": 28, "excluded_lines": 0, "percent_statements_covered": 0.0, "percent_statements_covered_display": "0"}, "missing_lines": [182, 185, 187, 188, 194, 195, 196, 199, 200, 201, 202, 203, 204, 205, 208, 211, 212, 215, 216, 218, 219, 221, 224, 225, 228, 231, 234, 236], "excluded_lines": [], "start_line": 180}, "PromptToolkitCLI.register_module_commands": {"executed_lines": [], "summary": {"covered_lines": 0, "num_statements": 4, "percent_covered": 0.0, "percent_covered_display": "0", "missing_lines": 4, "excluded_lines": 0, "percent_statements_covered": 0.0, "percent_statements_covered_display": "0"}, "missing_lines": [259, 261, 263, 266], "excluded_lines": [], "start_line": 240}, "PromptToolkitCLI.poutput": {"executed_lines": [], "summary": {"covered_lines": 0, "num_statements": 1, "percent_covered": 0.0, "percent_covered_display": "0", "missing_lines": 1, "excluded_lines": 0, "percent_statements_covered": 0.0, "percent_statements_covered_display": "0"}, "missing_lines": [274], "excluded_lines": [], "start_line": 268}, "PromptToolkitCLI.perror": {"executed_lines": [], "summary": {"covered_lines": 0, "num_statements": 1, "percent_covered": 0.0, "percent_covered_display": "0", "missing_lines": 1, "excluded_lines": 0, "percent_statements_covered": 0.0, "percent_statements_covered_display": "0"}, "missing_lines": [282], "excluded_lines": [], "start_line": 276}, "PromptToolkitCLI._print_welcome": {"executed_lines": [], "summary": {"covered_lines": 0, "num_statements": 11, "percent_covered": 0.0, "percent_covered_display": "0", "missing_lines": 11, "excluded_lines": 0, "percent_statements_covered": 0.0, "percent_statements_covered_display": "0"}, "missing_lines": [286, 287, 290, 293, 296, 299, 302, 303, 304, 305, 306], "excluded_lines": [], "start_line": 284}, "PromptToolkitCLI._print_info": {"executed_lines": [], "summary": {"covered_lines": 0, "num_statements": 1, "percent_covered": 0.0, "percent_covered_display": "0", "missing_lines": 1, "excluded_lines": 0, "percent_statements_covered": 0.0, "percent_statements_covered_display": "0"}, "missing_lines": [314], "excluded_lines": [], "start_line": 308}, "main": {"executed_lines": [], "summary": {"covered_lines": 0, "num_statements": 2, "percent_covered": 0.0, "percent_covered_display": "0", "missing_lines": 2, "excluded_lines": 0, "percent_statements_covered": 0.0, "percent_statements_covered_display": "0"}, "missing_lines": [322, 323], "excluded_lines": [], "start_line": 317}, "": {"executed_lines": [3, 4, 5, 7, 8, 9, 10, 12, 13, 14, 15, 16, 17, 18, 19, 20, 21, 27, 35, 94, 115, 123, 141, 240, 268, 276, 284, 308, 317], "summary": {"covered_lines": 29, "num_statements": 29, "percent_covered": 100.0, "percent_covered_display": "100", "missing_lines": 0, "excluded_lines": 2, "percent_statements_covered": 100.0, "percent_statements_covered_display": "100"}, "missing_lines": [], "excluded_lines": [23, 24], "start_line": 1}}, "classes": {"PromptToolkitCLI": {"executed_lines": [], "summary": {"covered_lines": 0, "num_statements": 82, "percent_covered": 0.0, "percent_covered_display": "0", "missing_lines": 82, "excluded_lines": 0, "percent_statements_covered": 0.0, "percent_statements_covered_display": "0"}, "missing_lines": [43, 44, 45, 48, 49, 50, 52, 63, 64, 65, 68, 69, 71, 82, 89, 92, 96, 98, 99, 100, 101, 102, 104, 106, 107, 108, 109, 110, 111, 112, 113, 121, 138, 139, 180, 182, 185, 187, 188, 194, 195, 196, 199, 200, 201, 202, 203, 204, 205, 208, 211, 212, 215, 216, 218, 219, 221, 224, 225, 228, 231, 234, 236, 238, 259, 261, 263, 266, 274, 282, 286, 287, 290, 293, 296, 299, 302, 303, 304, 305, 306, 314], "excluded_lines": [], "start_line": 27}, "": {"executed_lines": [3, 4, 5, 7, 8, 9, 10, 12, 13, 14, 15, 16, 17, 18, 19, 20, 21, 27, 35, 94, 115, 123, 141, 240, 268, 276, 284, 308, 317], "summary": {"covered_lines": 29, "num_statements": 31, "percent_covered": 93.54838709677419, "percent_covered_display": "94", "missing_lines": 2, "excluded_lines": 2, "percent_statements_covered": 93.54838709677419, "percent_statements_covered_display": "94"}, "missing_lines": [322, 323], "excluded_lines": [23, 24], "start_line": 1}}}, "src\\ptk_repl\\core\\__init__.py": {"executed_lines": [5, 8, 11, 14, 17, 20, 21, 23], "summary": {"covered_lines": 8, "num_statements": 8, "percent_covered": 100.0, "percent_covered_display": "100", "missing_lines": 0, "excluded_lines": 0, "percent_statements_covered": 100.0, "percent_statements_covered_display": "100"}, "missing_lines": [], "excluded_lines": [], "functions": {"": {"executed_lines": [5, 8, 11, 14, 17, 20, 21, 23], "summary": {"covered_lines": 8, "num_statements": 8, "percent_covered": 100.0, "percent_covered_display": "100", "missing_lines": 0, "excluded_lines": 0, "percent_statements_covered": 100.0, "percent_statements_covered_display": "100"}, "missing_lines": [], "excluded_lines": [], "start_line": 1}}, "classes": {"": {"executed_lines": [5, 8, 11, 14, 17, 20, 21, 23], "summary": {"covered_lines": 8, "num_statements": 8, "percent_covered": 100.0, "percent_covered_display": "100", "missing_lines": 0, "excluded_lines": 0, "percent_statements_covered": 100.0, "percent_statements_covered_display": "100"}, "missing_lines": [], "excluded_lines": [], "start_line": 1}}}, "src\\ptk_repl\\core\\base\\__init__.py": {"executed_lines": [3, 5], "summary": {"covered_lines": 2, "num_statements": 2, "percent_covered": 100.0, "percent_covered_display": "100", "missing_lines": 0, "excluded_lines": 0, "percent_statements_covered": 100.0, "percent_statements_covered_display": "100"}, "missing_lines": [], "excluded_lines": [], "functions": {"": {"executed_lines": [3, 5], "summary": {"covered_lines": 2, "num_statements": 2, "percent_covered": 100.0, "percent_covered_display": "100", "missing_lines": 0, "excluded_lines": 0, "percent_statements_covered": 100.0, "percent_statements_covered_display": "100"}, "missing_lines": [], "excluded_lines": [], "start_line": 1}}, "classes": {"": {"executed_lines": [3, 5], "summary": {"covered_lines": 2, "num_statements": 2, "percent_covered": 100.0, "percent_covered_display": "100", "missing_lines": 0, "excluded_lines": 0, "percent_statements_covered": 100.0, "percent_statements_covered_display": "100"}, "missing_lines": [], "excluded_lines": [], "start_line": 1}}}, "src\\ptk_repl\\core\\base\\command_module.py": {"executed_lines": [3, 4, 11, 17, 18, 19, 23, 24, 28, 29, 31, 33, 34, 38, 39, 47, 55, 57], "summary": {"covered_lines": 18, "num_statements": 23, "percent_covered": 78.26086956521739, "percent_covered_display": "78", "missing_lines": 5, "excluded_lines": 3, "percent_statements_covered": 78.26086956521739, "percent_statements_covered_display": "78"}, "missing_lines": [21, 26, 36, 45, 62], "excluded_lines": [6, 7, 8], "functions": {"CommandModule.name": {"executed_lines": [], "summary": {"covered_lines": 0, "num_statements": 1, "percent_covered": 0.0, "percent_covered_display": "0", "missing_lines": 1, "excluded_lines": 0, "percent_statements_covered": 0.0, "percent_statements_covered_display": "0"}, "missing_lines": [21], "excluded_lines": [], "start_line": 19}, "CommandModule.description": {"executed_lines": [], "summary": {"covered_lines": 0, "num_statements": 1, "percent_covered": 0.0, "percent_covered_display": "0", "missing_lines": 1, "excluded_lines": 0, "percent_statements_covered": 0.0, "percent_statements_covered_display": "0"}, "missing_lines": [26], "excluded_lines": [], "start_line": 24}, "CommandModule.aliases": {"executed_lines": [31], "summary": {"covered_lines": 1, "num_statements": 1, "percent_covered": 100.0, "percent_covered_display": "100", "missing_lines": 0, "excluded_lines": 0, "percent_statements_covered": 100.0, "percent_statements_covered_display": "100"}, "missing_lines": [], "excluded_lines": [], "start_line": 29}, "CommandModule.version": {"executed_lines": [], "summary": {"covered_lines": 0, "num_statements": 1, "percent_covered": 0.0, "percent_covered_display": "0", "missing_lines": 1, "excluded_lines": 0, "percent_statements_covered": 0.0, "percent_statements_covered_display": "0"}, "missing_lines": [36], "excluded_lines": [], "start_line": 34}, "CommandModule.register_commands": {"executed_lines": [], "summary": {"covered_lines": 0, "num_statements": 1, "percent_covered": 0.0, "percent_covered_display": "0", "missing_lines": 1, "excluded_lines": 0, "percent_statements_covered": 0.0, "percent_statements_covered_display": "0"}, "missing_lines": [45], "excluded_lines": [], "start_line": 39}, "CommandModule.initialize": {"executed_lines": [55], "summary": {"covered_lines": 1, "num_statements": 1, "percent_covered": 100.0, "percent_covered_display": "100", "missing_lines": 0, "excluded_lines": 0, "percent_statements_covered": 100.0, "percent_statements_covered_display": "100"}, "missing_lines": [], "excluded_lines": [], "start_line": 47}, "CommandModule.shutdown": {"executed_lines": [], "summary": {"covered_lines": 0, "num_statements": 1, "percent_covered": 0.0, "percent_covered_display": "0", "missing_lines": 1, "excluded_lines": 0, "percent_statements_covered": 0.0, "percent_statements_covered_display": "0"}, "missing_lines": [62], "excluded_lines": [], "start_line": 57}, "": {"executed_lines": [3, 4, 11, 17, 18, 19, 23, 24, 28, 29, 33, 34, 38, 39, 47, 57], "summary": {"covered_lines": 16, "num_statements": 16, "percent_covered": 100.0, "percent_covered_display": "100", "missing_lines": 0, "excluded_lines": 3, "percent_statements_covered": 100.0, "percent_statements_covered_display": "100"}, "missing_lines": [], "excluded_lines": [6, 7, 8], "start_line": 1}}, "classes": {"CommandModule": {"executed_lines": [31, 55], "summary": {"covered_lines": 2, "num_statements": 7, "percent_covered": 28.571428571428573, "percent_covered_display": "29", "missing_lines": 5, "excluded_lines": 0, "percent_statements_covered": 28.571428571428573, "percent_statements_covered_display": "29"}, "missing_lines": [21, 26, 36, 45, 62], "excluded_lines": [], "start_line": 11}, "": {"executed_lines": [3, 4, 11, 17, 18, 19, 23, 24, 28, 29, 33, 34, 38, 39, 47, 57], "summary": {"covered_lines": 16, "num_statements": 16, "percent_covered": 100.0, "percent_covered_display": "100", "missing_lines": 0, "excluded_lines": 3, "percent_statements_covered": 100.0, "percent_statements_covered_display": "100"}, "missing_lines": [], "excluded_lines": [6, 7, 8], "start_line": 1}}}, "src\\ptk_repl\\core\\cli\\__init__.py": {"executed_lines": [3, 5], "summary": {"covered_lines": 2, "num_statements": 2, "percent_covered": 100.0, "percent_covered_display": "100", "missing_lines": 0, "excluded_lines": 0, "percent_statements_covered": 100.0, "percent_statements_covered_display": "100"}, "missing_lines": [], "excluded_lines": [], "functions": {"": {"executed_lines": [3, 5], "summary": {"covered_lines": 2, "num_statements": 2, "percent_covered": 100.0, "percent_covered_display": "100", "missing_lines": 0, "excluded_lines": 0, "percent_statements_covered": 100.0, "percent_statements_covered_display": "100"}, "missing_lines": [], "excluded_lines": [], "start_line": 1}}, "classes": {"": {"executed_lines": [3, 5], "summary": {"covered_lines": 2, "num_statements": 2, "percent_covered": 100.0, "percent_covered_display": "100", "missing_lines": 0, "excluded_lines": 0, "percent_statements_covered": 100.0, "percent_statements_covered_display": "100"}, "missing_lines": [], "excluded_lines": [], "start_line": 1}}}, "src\\ptk_repl\\core\\cli\\style_manager.py": {"executed_lines": [3, 6, 12], "summary": {"covered_lines": 3, "num_statements": 4, "percent_covered": 75.0, "percent_covered_display": "75", "missing_lines": 1, "excluded_lines": 0, "percent_statements_covered": 75.0, "percent_statements_covered_display": "75"}, "missing_lines": [18], "excluded_lines": [], "functions": {"StyleManager.create_style": {"executed_lines": [], "summary": {"covered_lines": 0, "num_statements": 1, "percent_covered": 0.0, "percent_covered_display": "0", "missing_lines": 1, "excluded_lines": 0, "percent_statements_covered": 0.0, "percent_statements_covered_display": "0"}, "missing_lines": [18], "excluded_lines": [], "start_line": 12}, "": {"executed_lines": [3, 6, 12], "summary": {"covered_lines": 3, "num_statements": 3, "percent_covered": 100.0, "percent_covered_display": "100", "missing_lines": 0, "excluded_lines": 0, "percent_statements_covered": 100.0, "percent_statements_covered_display": "100"}, "missing_lines": [], "excluded_lines": [], "start_line": 1}}, "classes": {"StyleManager": {"executed_lines": [], "summary": {"covered_lines": 0, "num_statements": 1, "percent_covered": 0.0, "percent_covered_display": "0", "missing_lines": 1, "excluded_lines": 0, "percent_statements_covered": 0.0, "percent_statements_covered_display": "0"}, "missing_lines": [18], "excluded_lines": [], "start_line": 6}, "": {"executed_lines": [3, 6, 12], "summary": {"covered_lines": 3, "num_statements": 3, "percent_covered": 100.0, "percent_covered_display": "100", "missing_lines": 0, "excluded_lines": 0, "percent_statements_covered": 100.0, "percent_statements_covered_display": "100"}, "missing_lines": [], "excluded_lines": [], "start_line": 1}}}, "src\\ptk_repl\\core\\completion\\__init__.py": {"executed_lines": [3, 5], "summary": {"covered_lines": 2, "num_statements": 2, "percent_covered": 100.0, "percent_covered_display": "100", "missing_lines": 0, "excluded_lines": 0, "percent_statements_covered": 100.0, "percent_statements_covered_display": "100"}, "missing_lines": [], "excluded_lines": [], "functions": {"": {"executed_lines": [3, 5], "summary": {"covered_lines": 2, "num_statements": 2, "percent_covered": 100.0, "percent_covered_display": "100", "missing_lines": 0, "excluded_lines": 0, "percent_statements_covered": 100.0, "percent_statements_covered_display": "100"}, "missing_lines": [], "excluded_lines": [], "start_line": 1}}, "classes": {"": {"executed_lines": [3, 5], "summary": {"covered_lines": 2, "num_statements": 2, "percent_covered": 100.0, "percent_covered_display": "100", "missing_lines": 0, "excluded_lines": 0, "percent_statements_covered": 100.0, "percent_statements_covered_display": "100"}, "missing_lines": [], "excluded_lines": [], "start_line": 1}}}, "src\\ptk_repl\\core\\completion\\auto_completer.py": {"executed_lines": [3, 4, 6, 13, 35, 41, 42, 43, 45, 65, 66, 69, 70, 71, 73, 75, 84, 86, 88, 90, 104, 105, 107, 110, 111, 114, 115, 116, 118, 119, 120, 123, 124, 125, 126, 127, 131, 134, 135, 136, 138, 141, 144, 145, 146, 149, 150, 151, 152, 153, 157, 158, 159, 160, 161, 162, 163, 164, 165, 167, 168, 171, 172, 174, 175, 177, 187, 188, 189, 191, 193, 199, 202, 203, 204, 205, 206, 208, 209, 212, 213, 215, 216, 219, 220, 221, 223, 224, 227, 228, 232, 234, 246, 249, 250, 252, 253, 256, 260, 262, 263, 269, 270, 281, 284, 287, 288, 295, 306, 310, 313, 316, 317, 318, 319, 321, 323, 326, 327, 328, 329, 330, 349, 359, 360, 361, 362, 364, 366, 376, 377, 378, 380, 382, 393, 397, 400, 403, 404, 407, 410, 411, 412, 414, 415, 418, 421, 422, 423, 426, 427, 428, 434, 444, 448, 451, 452, 453, 454, 458], "summary": {"covered_lines": 160, "num_statements": 193, "percent_covered": 82.90155440414507, "percent_covered_display": "83", "missing_lines": 33, "excluded_lines": 3, "percent_statements_covered": 82.90155440414507, "percent_statements_covered_display": "83"}, "missing_lines": [128, 154, 229, 230, 265, 266, 271, 273, 274, 277, 278, 307, 334, 337, 340, 342, 343, 344, 347, 395, 405, 430, 432, 445, 446, 456, 464, 466, 469, 470, 472, 473, 475], "excluded_lines": [8, 9, 10], "functions": {"AutoCompleter.__init__": {"executed_lines": [41, 42, 43], "summary": {"covered_lines": 3, "num_statements": 3, "percent_covered": 100.0, "percent_covered_display": "100", "missing_lines": 0, "excluded_lines": 0, "percent_statements_covered": 100.0, "percent_statements_covered_display": "100"}, "missing_lines": [], "excluded_lines": [], "start_line": 35}, "AutoCompleter.register_lazy_commands": {"executed_lines": [65, 66, 69, 70, 71, 73], "summary": {"covered_lines": 6, "num_statements": 6, "percent_covered": 100.0, "percent_covered_display": "100", "missing_lines": 0, "excluded_lines": 0, "percent_statements_covered": 100.0, "percent_statements_covered_display": "100"}, "missing_lines": [], "excluded_lines": [], "start_line": 45}, "AutoCompleter.refresh": {"executed_lines": [84], "summary": {"covered_lines": 1, "num_statements": 1, "percent_covered": 100.0, "percent_covered_display": "100", "missing_lines": 0, "excluded_lines": 0, "percent_statements_covered": 100.0, "percent_statements_covered_display": "100"}, "missing_lines": [], "excluded_lines": [], "start_line": 75}, "AutoCompleter._invalidate_cache": {"executed_lines": [88], "summary": {"covered_lines": 1, "num_statements": 1, "percent_covered": 100.0, "percent_covered_display": "100", "missing_lines": 0, "excluded_lines": 0, "percent_statements_covered": 100.0, "percent_statements_covered_display": "100"}, "missing_lines": [], "excluded_lines": [], "start_line": 86}, "AutoCompleter.build_completion_dict": {"executed_lines": [104, 105, 107, 110, 111, 114, 115, 116, 118, 119, 120, 123, 124, 125, 126, 127, 131, 134, 135, 136, 138, 141, 144, 145, 146, 149, 150, 151, 152, 153, 157, 158, 159, 160, 161, 162, 163, 164, 165, 167, 168, 171, 172, 174, 175], "summary": {"covered_lines": 45, "num_statements": 47, "percent_covered": 95.74468085106383, "percent_covered_display": "96", "missing_lines": 2, "excluded_lines": 0, "percent_statements_covered": 95.74468085106383, "percent_statements_covered_display": "96"}, "missing_lines": [128, 154], "excluded_lines": [], "start_line": 90}, "AutoCompleter._get_short_alias": {"executed_lines": [187, 188, 189, 191], "summary": {"covered_lines": 4, "num_statements": 4, "percent_covered": 100.0, "percent_covered_display": "100", "missing_lines": 0, "excluded_lines": 0, "percent_statements_covered": 100.0, "percent_statements_covered_display": "100"}, "missing_lines": [], "excluded_lines": [], "start_line": 177}, "AutoCompleter._build_parameter_completions": {"executed_lines": [199, 202, 203, 204, 205, 206, 208, 209, 212, 213, 215, 216, 219, 220, 221, 223, 224, 227, 228, 232], "summary": {"covered_lines": 20, "num_statements": 22, "percent_covered": 90.9090909090909, "percent_covered_display": "91", "missing_lines": 2, "excluded_lines": 0, "percent_statements_covered": 90.9090909090909, "percent_statements_covered_display": "91"}, "missing_lines": [229, 230], "excluded_lines": [], "start_line": 193}, "AutoCompleter.get_completions": {"executed_lines": [246, 249, 250, 252, 253, 256, 260, 262, 263, 269, 270, 281, 284, 287, 288], "summary": {"covered_lines": 15, "num_statements": 22, "percent_covered": 68.18181818181819, "percent_covered_display": "68", "missing_lines": 7, "excluded_lines": 0, "percent_statements_covered": 68.18181818181819, "percent_statements_covered_display": "68"}, "missing_lines": [265, 266, 271, 273, 274, 277, 278], "excluded_lines": [], "start_line": 234}, "AutoCompleter._get_completion_meta": {"executed_lines": [306, 310, 313, 316, 317, 318, 319, 321, 323, 326, 327, 328, 329, 330], "summary": {"covered_lines": 14, "num_statements": 22, "percent_covered": 63.63636363636363, "percent_covered_display": "64", "missing_lines": 8, "excluded_lines": 0, "percent_statements_covered": 63.63636363636363, "percent_statements_covered_display": "64"}, "missing_lines": [307, 334, 337, 340, 342, 343, 344, 347], "excluded_lines": [], "start_line": 295}, "AutoCompleter._resolve_module_alias": {"executed_lines": [359, 360, 361, 362, 364], "summary": {"covered_lines": 5, "num_statements": 5, "percent_covered": 100.0, "percent_covered_display": "100", "missing_lines": 0, "excluded_lines": 0, "percent_statements_covered": 100.0, "percent_statements_covered_display": "100"}, "missing_lines": [], "excluded_lines": [], "start_line": 349}, "AutoCompleter._resolve_alias": {"executed_lines": [376, 377, 378, 380], "summary": {"covered_lines": 4, "num_statements": 4, "percent_covered": 100.0, "percent_covered_display": "100", "missing_lines": 0, "excluded_lines": 0, "percent_statements_covered": 100.0, "percent_statements_covered_display": "100"}, "missing_lines": [], "excluded_lines": [], "start_line": 366}, "AutoCompleter._get_parameter_description": {"executed_lines": [393, 397, 400, 403, 404, 407, 410, 411, 412, 414, 415, 418, 421, 422, 423, 426, 427, 428], "summary": {"covered_lines": 18, "num_statements": 22, "percent_covered": 81.81818181818181, "percent_covered_display": "82", "missing_lines": 4, "excluded_lines": 0, "percent_statements_covered": 81.81818181818181, "percent_statements_covered_display": "82"}, "missing_lines": [395, 405, 430, 432], "excluded_lines": [], "start_line": 382}, "AutoCompleter._extract_command_description": {"executed_lines": [444, 448, 451, 452, 453, 454], "summary": {"covered_lines": 6, "num_statements": 9, "percent_covered": 66.66666666666667, "percent_covered_display": "67", "missing_lines": 3, "excluded_lines": 0, "percent_statements_covered": 66.66666666666667, "percent_statements_covered_display": "67"}, "missing_lines": [445, 446, 456], "excluded_lines": [], "start_line": 434}, "AutoCompleter.to_prompt_toolkit_completer": {"executed_lines": [], "summary": {"covered_lines": 0, "num_statements": 5, "percent_covered": 0.0, "percent_covered_display": "0", "missing_lines": 5, "excluded_lines": 0, "percent_statements_covered": 0.0, "percent_statements_covered_display": "0"}, "missing_lines": [464, 466, 469, 472, 475], "excluded_lines": [], "start_line": 458}, "AutoCompleter.to_prompt_toolkit_completer._PromptToolkitCompleter.__init__": {"executed_lines": [], "summary": {"covered_lines": 0, "num_statements": 1, "percent_covered": 0.0, "percent_covered_display": "0", "missing_lines": 1, "excluded_lines": 0, "percent_statements_covered": 0.0, "percent_statements_covered_display": "0"}, "missing_lines": [470], "excluded_lines": [], "start_line": 469}, "AutoCompleter.to_prompt_toolkit_completer._PromptToolkitCompleter.get_completions": {"executed_lines": [], "summary": {"covered_lines": 0, "num_statements": 1, "percent_covered": 0.0, "percent_covered_display": "0", "missing_lines": 1, "excluded_lines": 0, "percent_statements_covered": 0.0, "percent_statements_covered_display": "0"}, "missing_lines": [473], "excluded_lines": [], "start_line": 472}, "": {"executed_lines": [3, 4, 6, 13, 35, 45, 75, 86, 90, 177, 193, 234, 295, 349, 366, 382, 434, 458], "summary": {"covered_lines": 18, "num_statements": 18, "percent_covered": 100.0, "percent_covered_display": "100", "missing_lines": 0, "excluded_lines": 3, "percent_statements_covered": 100.0, "percent_statements_covered_display": "100"}, "missing_lines": [], "excluded_lines": [8, 9, 10], "start_line": 1}}, "classes": {"AutoCompleter": {"executed_lines": [41, 42, 43, 65, 66, 69, 70, 71, 73, 84, 88, 104, 105, 107, 110, 111, 114, 115, 116, 118, 119, 120, 123, 124, 125, 126, 127, 131, 134, 135, 136, 138, 141, 144, 145, 146, 149, 150, 151, 152, 153, 157, 158, 159, 160, 161, 162, 163, 164, 165, 167, 168, 171, 172, 174, 175, 187, 188, 189, 191, 199, 202, 203, 204, 205, 206, 208, 209, 212, 213, 215, 216, 219, 220, 221, 223, 224, 227, 228, 232, 246, 249, 250, 252, 253, 256, 260, 262, 263, 269, 270, 281, 284, 287, 288, 306, 310, 313, 316, 317, 318, 319, 321, 323, 326, 327, 328, 329, 330, 359, 360, 361, 362, 364, 376, 377, 378, 380, 393, 397, 400, 403, 404, 407, 410, 411, 412, 414, 415, 418, 421, 422, 423, 426, 427, 428, 444, 448, 451, 452, 453, 454], "summary": {"covered_lines": 142, "num_statements": 173, "percent_covered": 82.08092485549133, "percent_covered_display": "82", "missing_lines": 31, "excluded_lines": 0, "percent_statements_covered": 82.08092485549133, "percent_statements_covered_display": "82"}, "missing_lines": [128, 154, 229, 230, 265, 266, 271, 273, 274, 277, 278, 307, 334, 337, 340, 342, 343, 344, 347, 395, 405, 430, 432, 445, 446, 456, 464, 466, 469, 472, 475], "excluded_lines": [], "start_line": 13}, "AutoCompleter.to_prompt_toolkit_completer._PromptToolkitCompleter": {"executed_lines": [], "summary": {"covered_lines": 0, "num_statements": 2, "percent_covered": 0.0, "percent_covered_display": "0", "missing_lines": 2, "excluded_lines": 0, "percent_statements_covered": 0.0, "percent_statements_covered_display": "0"}, "missing_lines": [470, 473], "excluded_lines": [], "start_line": 466}, "": {"executed_lines": [3, 4, 6, 13, 35, 45, 75, 86, 90, 177, 193, 234, 295, 349, 366, 382, 434, 458], "summary": {"covered_lines": 18, "num_statements": 18, "percent_covered": 100.0, "percent_covered_display": "100", "missing_lines": 0, "excluded_lines": 3, "percent_statements_covered": 100.0, "percent_statements_covered_display": "100"}, "missing_lines": [], "excluded_lines": [8, 9, 10], "start_line": 1}}}, "src\\ptk_repl\\core\\configuration\\__init__.py": {"executed_lines": [3, 5], "summary": {"covered_lines": 2, "num_statements": 2, "percent_covered": 100.0, "percent_covered_display": "100", "missing_lines": 0, "excluded_lines": 0, "percent_statements_covered": 100.0, "percent_statements_covered_display": "100"}, "missing_lines": [], "excluded_lines": [], "functions": {"": {"executed_lines": [3, 5], "summary": {"covered_lines": 2, "num_statements": 2, "percent_covered": 100.0, "percent_covered_display": "100", "missing_lines": 0, "excluded_lines": 0, "percent_statements_covered": 100.0, "percent_statements_covered_display": "100"}, "missing_lines": [], "excluded_lines": [], "start_line": 1}}, "classes": {"": {"executed_lines": [3, 5], "summary": {"covered_lines": 2, "num_statements": 2, "percent_covered": 100.0, "percent_covered_display": "100", "missing_lines": 0, "excluded_lines": 0, "percent_statements_covered": 100.0, "percent_statements_covered_display": "100"}, "missing_lines": [], "excluded_lines": [], "start_line": 1}}}, "src\\ptk_repl\\core\\configuration\\config_manager.py": {"executed_lines": [3, 4, 6, 14, 21, 41, 50, 51, 54, 55, 56, 58, 61, 64, 66, 67, 75, 81, 86, 87, 88, 91, 104, 107, 117], "summary": {"covered_lines": 25, "num_statements": 34, "percent_covered": 73.52941176470588, "percent_covered_display": "74", "missing_lines": 9, "excluded_lines": 0, "percent_statements_covered": 73.52941176470588, "percent_statements_covered_display": "74"}, "missing_lines": [73, 89, 108, 109, 110, 111, 112, 114, 115], "excluded_lines": [], "functions": {"ConfigManager.__init__": {"executed_lines": [50, 51, 54, 55, 56, 58, 61, 64], "summary": {"covered_lines": 8, "num_statements": 8, "percent_covered": 100.0, "percent_covered_display": "100", "missing_lines": 0, "excluded_lines": 0, "percent_statements_covered": 100.0, "percent_statements_covered_display": "100"}, "missing_lines": [], "excluded_lines": [], "start_line": 41}, "ConfigManager.provider": {"executed_lines": [], "summary": {"covered_lines": 0, "num_statements": 1, "percent_covered": 0.0, "percent_covered_display": "0", "missing_lines": 1, "excluded_lines": 0, "percent_statements_covered": 0.0, "percent_statements_covered_display": "0"}, "missing_lines": [73], "excluded_lines": [], "start_line": 67}, "ConfigManager._find_config": {"executed_lines": [81, 86, 87, 88], "summary": {"covered_lines": 4, "num_statements": 5, "percent_covered": 80.0, "percent_covered_display": "80", "missing_lines": 1, "excluded_lines": 0, "percent_statements_covered": 80.0, "percent_statements_covered_display": "80"}, "missing_lines": [89], "excluded_lines": [], "start_line": 75}, "ConfigManager.get": {"executed_lines": [104, 107, 117], "summary": {"covered_lines": 3, "num_statements": 10, "percent_covered": 30.0, "percent_covered_display": "30", "missing_lines": 7, "excluded_lines": 0, "percent_statements_covered": 30.0, "percent_statements_covered_display": "30"}, "missing_lines": [108, 109, 110, 111, 112, 114, 115], "excluded_lines": [], "start_line": 91}, "": {"executed_lines": [3, 4, 6, 14, 21, 41, 66, 67, 75, 91], "summary": {"covered_lines": 10, "num_statements": 10, "percent_covered": 100.0, "percent_covered_display": "100", "missing_lines": 0, "excluded_lines": 0, "percent_statements_covered": 100.0, "percent_statements_covered_display": "100"}, "missing_lines": [], "excluded_lines": [], "start_line": 1}}, "classes": {"ConfigManager": {"executed_lines": [50, 51, 54, 55, 56, 58, 61, 64, 81, 86, 87, 88, 104, 107, 117], "summary": {"covered_lines": 15, "num_statements": 24, "percent_covered": 62.5, "percent_covered_display": "62", "missing_lines": 9, "excluded_lines": 0, "percent_statements_covered": 62.5, "percent_statements_covered_display": "62"}, "missing_lines": [73, 89, 108, 109, 110, 111, 112, 114, 115], "excluded_lines": [], "start_line": 14}, "": {"executed_lines": [3, 4, 6, 14, 21, 41, 66, 67, 75, 91], "summary": {"covered_lines": 10, "num_statements": 10, "percent_covered": 100.0, "percent_covered_display": "100", "missing_lines": 0, "excluded_lines": 0, "percent_statements_covered": 100.0, "percent_statements_covered_display": "100"}, "missing_lines": [], "excluded_lines": [], "start_line": 1}}}, "src\\ptk_repl\\core\\configuration\\providers\\__init__.py": {"executed_lines": [3, 10], "summary": {"covered_lines": 2, "num_statements": 2, "percent_covered": 100.0, "percent_covered_display": "100", "missing_lines": 0, "excluded_lines": 0, "percent_statements_covered": 100.0, "percent_statements_covered_display": "100"}, "missing_lines": [], "excluded_lines": [], "functions": {"": {"executed_lines": [3, 10], "summary": {"covered_lines": 2, "num_statements": 2, "percent_covered": 100.0, "percent_covered_display": "100", "missing_lines": 0, "excluded_lines": 0, "percent_statements_covered": 100.0, "percent_statements_covered_display": "100"}, "missing_lines": [], "excluded_lines": [], "start_line": 1}}, "classes": {"": {"executed_lines": [3, 10], "summary": {"covered_lines": 2, "num_statements": 2, "percent_covered": 100.0, "percent_covered_display": "100", "missing_lines": 0, "excluded_lines": 0, "percent_statements_covered": 100.0, "percent_statements_covered_display": "100"}, "missing_lines": [], "excluded_lines": [], "start_line": 1}}}, "src\\ptk_repl\\core\\configuration\\providers\\config_provider.py": {"executed_lines": [6, 7, 8, 10, 13, 14, 20, 32, 44, 50, 56, 57, 58, 60, 62, 63, 64, 68, 78, 79, 81, 82, 83, 85, 87, 89, 98, 101, 107, 113, 115, 126, 127, 129, 138, 141, 147, 153, 155, 156, 164, 175, 176, 177, 181, 190], "summary": {"covered_lines": 46, "num_statements": 49, "percent_covered": 93.87755102040816, "percent_covered_display": "94", "missing_lines": 3, "excluded_lines": 5, "percent_statements_covered": 93.87755102040816, "percent_statements_covered_display": "94"}, "missing_lines": [66, 162, 179], "excluded_lines": [30, 31, 41, 42, 43], "functions": {"IConfigProvider.get": {"executed_lines": [], "summary": {"covered_lines": 0, "num_statements": 0, "percent_covered": 100.0, "percent_covered_display": "100", "missing_lines": 0, "excluded_lines": 1, "percent_statements_covered": 100.0, "percent_statements_covered_display": "100"}, "missing_lines": [], "excluded_lines": [30], "start_line": 20}, "IConfigProvider.has": {"executed_lines": [], "summary": {"covered_lines": 0, "num_statements": 0, "percent_covered": 100.0, "percent_covered_display": "100", "missing_lines": 0, "excluded_lines": 1, "percent_statements_covered": 100.0, "percent_statements_covered_display": "100"}, "missing_lines": [], "excluded_lines": [41], "start_line": 32}, "YamlConfigProvider.__init__": {"executed_lines": [56, 57, 58], "summary": {"covered_lines": 3, "num_statements": 3, "percent_covered": 100.0, "percent_covered_display": "100", "missing_lines": 0, "excluded_lines": 0, "percent_statements_covered": 100.0, "percent_statements_covered_display": "100"}, "missing_lines": [], "excluded_lines": [], "start_line": 50}, "YamlConfigProvider._load_config": {"executed_lines": [62, 63, 64], "summary": {"covered_lines": 3, "num_statements": 4, "percent_covered": 75.0, "percent_covered_display": "75", "missing_lines": 1, "excluded_lines": 0, "percent_statements_covered": 75.0, "percent_statements_covered_display": "75"}, "missing_lines": [66], "excluded_lines": [], "start_line": 60}, "YamlConfigProvider.get": {"executed_lines": [78, 79, 81, 82, 83, 85, 87], "summary": {"covered_lines": 7, "num_statements": 7, "percent_covered": 100.0, "percent_covered_display": "100", "missing_lines": 0, "excluded_lines": 0, "percent_statements_covered": 100.0, "percent_statements_covered_display": "100"}, "missing_lines": [], "excluded_lines": [], "start_line": 68}, "YamlConfigProvider.has": {"executed_lines": [98], "summary": {"covered_lines": 1, "num_statements": 1, "percent_covered": 100.0, "percent_covered_display": "100", "missing_lines": 0, "excluded_lines": 0, "percent_statements_covered": 100.0, "percent_statements_covered_display": "100"}, "missing_lines": [], "excluded_lines": [], "start_line": 89}, "EnvConfigProvider.__init__": {"executed_lines": [113], "summary": {"covered_lines": 1, "num_statements": 1, "percent_covered": 100.0, "percent_covered_display": "100", "missing_lines": 0, "excluded_lines": 0, "percent_statements_covered": 100.0, "percent_statements_covered_display": "100"}, "missing_lines": [], "excluded_lines": [], "start_line": 107}, "EnvConfigProvider.get": {"executed_lines": [126, 127], "summary": {"covered_lines": 2, "num_statements": 2, "percent_covered": 100.0, "percent_covered_display": "100", "missing_lines": 0, "excluded_lines": 0, "percent_statements_covered": 100.0, "percent_statements_covered_display": "100"}, "missing_lines": [], "excluded_lines": [], "start_line": 115}, "EnvConfigProvider.has": {"executed_lines": [138], "summary": {"covered_lines": 1, "num_statements": 1, "percent_covered": 100.0, "percent_covered_display": "100", "missing_lines": 0, "excluded_lines": 0, "percent_statements_covered": 100.0, "percent_statements_covered_display": "100"}, "missing_lines": [], "excluded_lines": [], "start_line": 129}, "CompositeConfigProvider.__init__": {"executed_lines": [153], "summary": {"covered_lines": 1, "num_statements": 1, "percent_covered": 100.0, "percent_covered_display": "100", "missing_lines": 0, "excluded_lines": 0, "percent_statements_covered": 100.0, "percent_statements_covered_display": "100"}, "missing_lines": [], "excluded_lines": [], "start_line": 147}, "CompositeConfigProvider.providers": {"executed_lines": [], "summary": {"covered_lines": 0, "num_statements": 1, "percent_covered": 0.0, "percent_covered_display": "0", "missing_lines": 1, "excluded_lines": 0, "percent_statements_covered": 0.0, "percent_statements_covered_display": "0"}, "missing_lines": [162], "excluded_lines": [], "start_line": 156}, "CompositeConfigProvider.get": {"executed_lines": [175, 176, 177], "summary": {"covered_lines": 3, "num_statements": 4, "percent_covered": 75.0, "percent_covered_display": "75", "missing_lines": 1, "excluded_lines": 0, "percent_statements_covered": 75.0, "percent_statements_covered_display": "75"}, "missing_lines": [179], "excluded_lines": [], "start_line": 164}, "CompositeConfigProvider.has": {"executed_lines": [190], "summary": {"covered_lines": 1, "num_statements": 1, "percent_covered": 100.0, "percent_covered_display": "100", "missing_lines": 0, "excluded_lines": 0, "percent_statements_covered": 100.0, "percent_statements_covered_display": "100"}, "missing_lines": [], "excluded_lines": [], "start_line": 181}, "": {"executed_lines": [6, 7, 8, 10, 13, 14, 20, 32, 44, 50, 60, 68, 89, 101, 107, 115, 129, 141, 147, 155, 156, 164, 181], "summary": {"covered_lines": 23, "num_statements": 23, "percent_covered": 100.0, "percent_covered_display": "100", "missing_lines": 0, "excluded_lines": 3, "percent_statements_covered": 100.0, "percent_statements_covered_display": "100"}, "missing_lines": [], "excluded_lines": [31, 42, 43], "start_line": 1}}, "classes": {"IConfigProvider": {"executed_lines": [], "summary": {"covered_lines": 0, "num_statements": 0, "percent_covered": 100.0, "percent_covered_display": "100", "missing_lines": 0, "excluded_lines": 2, "percent_statements_covered": 100.0, "percent_statements_covered_display": "100"}, "missing_lines": [], "excluded_lines": [30, 41], "start_line": 14}, "YamlConfigProvider": {"executed_lines": [56, 57, 58, 62, 63, 64, 78, 79, 81, 82, 83, 85, 87, 98], "summary": {"covered_lines": 14, "num_statements": 15, "percent_covered": 93.33333333333333, "percent_covered_display": "93", "missing_lines": 1, "excluded_lines": 0, "percent_statements_covered": 93.33333333333333, "percent_statements_covered_display": "93"}, "missing_lines": [66], "excluded_lines": [], "start_line": 44}, "EnvConfigProvider": {"executed_lines": [113, 126, 127, 138], "summary": {"covered_lines": 4, "num_statements": 4, "percent_covered": 100.0, "percent_covered_display": "100", "missing_lines": 0, "excluded_lines": 0, "percent_statements_covered": 100.0, "percent_statements_covered_display": "100"}, "missing_lines": [], "excluded_lines": [], "start_line": 101}, "CompositeConfigProvider": {"executed_lines": [153, 175, 176, 177, 190], "summary": {"covered_lines": 5, "num_statements": 7, "percent_covered": 71.42857142857143, "percent_covered_display": "71", "missing_lines": 2, "excluded_lines": 0, "percent_statements_covered": 71.42857142857143, "percent_statements_covered_display": "71"}, "missing_lines": [162, 179], "excluded_lines": [], "start_line": 141}, "": {"executed_lines": [6, 7, 8, 10, 13, 14, 20, 32, 44, 50, 60, 68, 89, 101, 107, 115, 129, 141, 147, 155, 156, 164, 181], "summary": {"covered_lines": 23, "num_statements": 23, "percent_covered": 100.0, "percent_covered_display": "100", "missing_lines": 0, "excluded_lines": 3, "percent_statements_covered": 100.0, "percent_statements_covered_display": "100"}, "missing_lines": [], "excluded_lines": [31, 42, 43], "start_line": 1}}}, "src\\ptk_repl\\core\\configuration\\themes\\__init__.py": {"executed_lines": [], "summary": {"covered_lines": 0, "num_statements": 0, "percent_covered": 100.0, "percent_covered_display": "100", "missing_lines": 0, "excluded_lines": 0, "percent_statements_covered": 100.0, "percent_statements_covered_display": "100"}, "missing_lines": [], "excluded_lines": [], "functions": {"": {"executed_lines": [], "summary": {"covered_lines": 0, "num_statements": 0, "percent_covered": 100.0, "percent_covered_display": "100", "missing_lines": 0, "excluded_lines": 0, "percent_statements_covered": 100.0, "percent_statements_covered_display": "100"}, "missing_lines": [], "excluded_lines": [], "start_line": 1}}, "classes": {"": {"executed_lines": [], "summary": {"covered_lines": 0, "num_statements": 0, "percent_covered": 100.0, "percent_covered_display": "100", "missing_lines": 0, "excluded_lines": 0, "percent_statements_covered": 100.0, "percent_statements_covered_display": "100"}, "missing_lines": [], "excluded_lines": [], "start_line": 1}}}, "src\\ptk_repl\\core\\configuration\\themes\\color_theme.py": {"executed_lines": [6, 7, 9, 12, 13, 20, 22, 24, 26, 28, 30, 32, 34, 36, 38, 40, 42, 51, 53, 63, 64, 66, 67, 76, 78, 79, 85, 88, 89, 95, 96, 97, 99, 100, 106, 108, 109, 118, 119, 120, 121, 123, 127, 145], "summary": {"covered_lines": 44, "num_statements": 44, "percent_covered": 100.0, "percent_covered_display": "100", "missing_lines": 0, "excluded_lines": 0, "percent_statements_covered": 100.0, "percent_statements_covered_display": "100"}, "missing_lines": [], "excluded_lines": [], "functions": {"ColorScheme.get_color": {"executed_lines": [51], "summary": {"covered_lines": 1, "num_statements": 1, "percent_covered": 100.0, "percent_covered_display": "100", "missing_lines": 0, "excluded_lines": 0, "percent_statements_covered": 100.0, "percent_statements_covered_display": "100"}, "missing_lines": [], "excluded_lines": [], "start_line": 42}, "ColorScheme.color_text": {"executed_lines": [63, 64], "summary": {"covered_lines": 2, "num_statements": 2, "percent_covered": 100.0, "percent_covered_display": "100", "missing_lines": 0, "excluded_lines": 0, "percent_statements_covered": 100.0, "percent_statements_covered_display": "100"}, "missing_lines": [], "excluded_lines": [], "start_line": 53}, "ColorScheme.from_dict": {"executed_lines": [76], "summary": {"covered_lines": 1, "num_statements": 1, "percent_covered": 100.0, "percent_covered_display": "100", "missing_lines": 0, "excluded_lines": 0, "percent_statements_covered": 100.0, "percent_statements_covered_display": "100"}, "missing_lines": [], "excluded_lines": [], "start_line": 67}, "ColorScheme.default": {"executed_lines": [85], "summary": {"covered_lines": 1, "num_statements": 1, "percent_covered": 100.0, "percent_covered_display": "100", "missing_lines": 0, "excluded_lines": 0, "percent_statements_covered": 100.0, "percent_statements_covered_display": "100"}, "missing_lines": [], "excluded_lines": [], "start_line": 79}, "Theme.default": {"executed_lines": [106], "summary": {"covered_lines": 1, "num_statements": 1, "percent_covered": 100.0, "percent_covered_display": "100", "missing_lines": 0, "excluded_lines": 0, "percent_statements_covered": 100.0, "percent_statements_covered_display": "100"}, "missing_lines": [], "excluded_lines": [], "start_line": 100}, "Theme.from_dict": {"executed_lines": [118, 119, 120, 121, 123], "summary": {"covered_lines": 5, "num_statements": 5, "percent_covered": 100.0, "percent_covered_display": "100", "missing_lines": 0, "excluded_lines": 0, "percent_statements_covered": 100.0, "percent_statements_covered_display": "100"}, "missing_lines": [], "excluded_lines": [], "start_line": 109}, "": {"executed_lines": [6, 7, 9, 12, 13, 20, 22, 24, 26, 28, 30, 32, 34, 36, 38, 40, 42, 53, 66, 67, 78, 79, 88, 89, 95, 96, 97, 99, 100, 108, 109, 127, 145], "summary": {"covered_lines": 33, "num_statements": 33, "percent_covered": 100.0, "percent_covered_display": "100", "missing_lines": 0, "excluded_lines": 0, "percent_statements_covered": 100.0, "percent_statements_covered_display": "100"}, "missing_lines": [], "excluded_lines": [], "start_line": 1}}, "classes": {"ColorScheme": {"executed_lines": [51, 63, 64, 76, 85], "summary": {"covered_lines": 5, "num_statements": 5, "percent_covered": 100.0, "percent_covered_display": "100", "missing_lines": 0, "excluded_lines": 0, "percent_statements_covered": 100.0, "percent_statements_covered_display": "100"}, "missing_lines": [], "excluded_lines": [], "start_line": 13}, "Theme": {"executed_lines": [106, 118, 119, 120, 121, 123], "summary": {"covered_lines": 6, "num_statements": 6, "percent_covered": 100.0, "percent_covered_display": "100", "missing_lines": 0, "excluded_lines": 0, "percent_statements_covered": 100.0, "percent_statements_covered_display": "100"}, "missing_lines": [], "excluded_lines": [], "start_line": 89}, "": {"executed_lines": [6, 7, 9, 12, 13, 20, 22, 24, 26, 28, 30, 32, 34, 36, 38, 40, 42, 53, 66, 67, 78, 79, 88, 89, 95, 96, 97, 99, 100, 108, 109, 127, 145], "summary": {"covered_lines": 33, "num_statements": 33, "percent_covered": 100.0, "percent_covered_display": "100", "missing_lines": 0, "excluded_lines": 0, "percent_statements_covered": 100.0, "percent_statements_covered_display": "100"}, "missing_lines": [], "excluded_lines": [], "start_line": 1}}}, "src\\ptk_repl\\core\\decoration\\__init__.py": {"executed_lines": [3, 5], "summary": {"covered_lines": 2, "num_statements": 2, "percent_covered": 100.0, "percent_covered_display": "100", "missing_lines": 0, "excluded_lines": 0, "percent_statements_covered": 100.0, "percent_statements_covered_display": "100"}, "missing_lines": [], "excluded_lines": [], "functions": {"": {"executed_lines": [3, 5], "summary": {"covered_lines": 2, "num_statements": 2, "percent_covered": 100.0, "percent_covered_display": "100", "missing_lines": 0, "excluded_lines": 0, "percent_statements_covered": 100.0, "percent_statements_covered_display": "100"}, "missing_lines": [], "excluded_lines": [], "start_line": 1}}, "classes": {"": {"executed_lines": [3, 5], "summary": {"covered_lines": 2, "num_statements": 2, "percent_covered": 100.0, "percent_covered_display": "100", "missing_lines": 0, "excluded_lines": 0, "percent_statements_covered": 100.0, "percent_statements_covered_display": "100"}, "missing_lines": [], "excluded_lines": [], "start_line": 1}}}, "src\\ptk_repl\\core\\decoration\\typed_command.py": {"executed_lines": [3, 4, 5, 7, 13, 72, 101, 102, 103, 115, 116, 117, 118, 120], "summary": {"covered_lines": 14, "num_statements": 58, "percent_covered": 24.137931034482758, "percent_covered_display": "24", "missing_lines": 44, "excluded_lines": 2, "percent_statements_covered": 24.137931034482758, "percent_statements_covered_display": "24"}, "missing_lines": [23, 25, 26, 27, 28, 30, 31, 32, 34, 35, 37, 39, 40, 41, 42, 43, 45, 46, 47, 49, 51, 52, 53, 54, 55, 56, 58, 59, 61, 64, 65, 66, 67, 69, 104, 105, 106, 107, 108, 109, 110, 111, 112, 113], "excluded_lines": [9, 10], "functions": {"_parse_args_to_dict": {"executed_lines": [], "summary": {"covered_lines": 0, "num_statements": 34, "percent_covered": 0.0, "percent_covered_display": "0", "missing_lines": 34, "excluded_lines": 0, "percent_statements_covered": 0.0, "percent_statements_covered_display": "0"}, "missing_lines": [23, 25, 26, 27, 28, 30, 31, 32, 34, 35, 37, 39, 40, 41, 42, 43, 45, 46, 47, 49, 51, 52, 53, 54, 55, 56, 58, 59, 61, 64, 65, 66, 67, 69], "excluded_lines": [], "start_line": 13}, "typed_command": {"executed_lines": [101, 102, 120], "summary": {"covered_lines": 3, "num_statements": 3, "percent_covered": 100.0, "percent_covered_display": "100", "missing_lines": 0, "excluded_lines": 0, "percent_statements_covered": 100.0, "percent_statements_covered_display": "100"}, "missing_lines": [], "excluded_lines": [], "start_line": 72}, "typed_command.decorator": {"executed_lines": [103, 115, 116, 117, 118], "summary": {"covered_lines": 5, "num_statements": 5, "percent_covered": 100.0, "percent_covered_display": "100", "missing_lines": 0, "excluded_lines": 0, "percent_statements_covered": 100.0, "percent_statements_covered_display": "100"}, "missing_lines": [], "excluded_lines": [], "start_line": 101}, "typed_command.decorator.wrapper": {"executed_lines": [], "summary": {"covered_lines": 0, "num_statements": 10, "percent_covered": 0.0, "percent_covered_display": "0", "missing_lines": 10, "excluded_lines": 0, "percent_statements_covered": 0.0, "percent_statements_covered_display": "0"}, "missing_lines": [104, 105, 106, 107, 108, 109, 110, 111, 112, 113], "excluded_lines": [], "start_line": 103}, "": {"executed_lines": [3, 4, 5, 7, 13, 72], "summary": {"covered_lines": 6, "num_statements": 6, "percent_covered": 100.0, "percent_covered_display": "100", "missing_lines": 0, "excluded_lines": 2, "percent_statements_covered": 100.0, "percent_statements_covered_display": "100"}, "missing_lines": [], "excluded_lines": [9, 10], "start_line": 1}}, "classes": {"": {"executed_lines": [3, 4, 5, 7, 13, 72, 101, 102, 103, 115, 116, 117, 118, 120], "summary": {"covered_lines": 14, "num_statements": 58, "percent_covered": 24.137931034482758, "percent_covered_display": "24", "missing_lines": 44, "excluded_lines": 2, "percent_statements_covered": 24.137931034482758, "percent_statements_covered_display": "24"}, "missing_lines": [23, 25, 26, 27, 28, 30, 31, 32, 34, 35, 37, 39, 40, 41, 42, 43, 45, 46, 47, 49, 51, 52, 53, 54, 55, 56, 58, 59, 61, 64, 65, 66, 67, 69, 104, 105, 106, 107, 108, 109, 110, 111, 112, 113], "excluded_lines": [9, 10], "start_line": 1}}}, "src\\ptk_repl\\core\\error_handling\\__init__.py": {"executed_lines": [3, 5], "summary": {"covered_lines": 2, "num_statements": 2, "percent_covered": 100.0, "percent_covered_display": "100", "missing_lines": 0, "excluded_lines": 0, "percent_statements_covered": 100.0, "percent_statements_covered_display": "100"}, "missing_lines": [], "excluded_lines": [], "functions": {"": {"executed_lines": [3, 5], "summary": {"covered_lines": 2, "num_statements": 2, "percent_covered": 100.0, "percent_covered_display": "100", "missing_lines": 0, "excluded_lines": 0, "percent_statements_covered": 100.0, "percent_statements_covered_display": "100"}, "missing_lines": [], "excluded_lines": [], "start_line": 1}}, "classes": {"": {"executed_lines": [3, 5], "summary": {"covered_lines": 2, "num_statements": 2, "percent_covered": 100.0, "percent_covered_display": "100", "missing_lines": 0, "excluded_lines": 0, "percent_statements_covered": 100.0, "percent_statements_covered_display": "100"}, "missing_lines": [], "excluded_lines": [], "start_line": 1}}}, "src\\ptk_repl\\core\\error_handling\\error_handlers.py": {"executed_lines": [6, 8, 11, 12, 18, 29, 38, 44, 46, 48, 50, 53, 59, 61, 63, 65, 67, 69, 70, 71, 72, 75, 81, 87, 89, 98, 99, 100, 101, 104, 113, 119], "summary": {"covered_lines": 32, "num_statements": 34, "percent_covered": 94.11764705882354, "percent_covered_display": "94", "missing_lines": 2, "excluded_lines": 5, "percent_statements_covered": 94.11764705882354, "percent_statements_covered_display": "94"}, "missing_lines": [102, 110], "excluded_lines": [27, 28, 35, 36, 37], "functions": {"IErrorHandler.can_handle": {"executed_lines": [], "summary": {"covered_lines": 0, "num_statements": 0, "percent_covered": 100.0, "percent_covered_display": "100", "missing_lines": 0, "excluded_lines": 1, "percent_statements_covered": 100.0, "percent_statements_covered_display": "100"}, "missing_lines": [], "excluded_lines": [27], "start_line": 18}, "IErrorHandler.handle": {"executed_lines": [], "summary": {"covered_lines": 0, "num_statements": 0, "percent_covered": 100.0, "percent_covered_display": "100", "missing_lines": 0, "excluded_lines": 1, "percent_statements_covered": 100.0, "percent_statements_covered_display": "100"}, "missing_lines": [], "excluded_lines": [35], "start_line": 29}, "BaseErrorHandler.can_handle": {"executed_lines": [46], "summary": {"covered_lines": 1, "num_statements": 1, "percent_covered": 100.0, "percent_covered_display": "100", "missing_lines": 0, "excluded_lines": 0, "percent_statements_covered": 100.0, "percent_statements_covered_display": "100"}, "missing_lines": [], "excluded_lines": [], "start_line": 44}, "BaseErrorHandler.handle": {"executed_lines": [50], "summary": {"covered_lines": 1, "num_statements": 1, "percent_covered": 100.0, "percent_covered_display": "100", "missing_lines": 0, "excluded_lines": 0, "percent_statements_covered": 100.0, "percent_statements_covered_display": "100"}, "missing_lines": [], "excluded_lines": [], "start_line": 48}, "CLIErrorHandler.can_handle": {"executed_lines": [61], "summary": {"covered_lines": 1, "num_statements": 1, "percent_covered": 100.0, "percent_covered_display": "100", "missing_lines": 0, "excluded_lines": 0, "percent_statements_covered": 100.0, "percent_statements_covered_display": "100"}, "missing_lines": [], "excluded_lines": [], "start_line": 59}, "CLIErrorHandler.handle": {"executed_lines": [65, 67, 69, 70, 71, 72], "summary": {"covered_lines": 6, "num_statements": 6, "percent_covered": 100.0, "percent_covered_display": "100", "missing_lines": 0, "excluded_lines": 0, "percent_statements_covered": 100.0, "percent_statements_covered_display": "100"}, "missing_lines": [], "excluded_lines": [], "start_line": 63}, "ErrorHandlerChain.__init__": {"executed_lines": [87], "summary": {"covered_lines": 1, "num_statements": 1, "percent_covered": 100.0, "percent_covered_display": "100", "missing_lines": 0, "excluded_lines": 0, "percent_statements_covered": 100.0, "percent_statements_covered_display": "100"}, "missing_lines": [], "excluded_lines": [], "start_line": 81}, "ErrorHandlerChain.handle": {"executed_lines": [98, 99, 100, 101], "summary": {"covered_lines": 4, "num_statements": 5, "percent_covered": 80.0, "percent_covered_display": "80", "missing_lines": 1, "excluded_lines": 0, "percent_statements_covered": 80.0, "percent_statements_covered_display": "80"}, "missing_lines": [102], "excluded_lines": [], "start_line": 89}, "ErrorHandlerChain.add_handler": {"executed_lines": [], "summary": {"covered_lines": 0, "num_statements": 1, "percent_covered": 0.0, "percent_covered_display": "0", "missing_lines": 1, "excluded_lines": 0, "percent_statements_covered": 0.0, "percent_statements_covered_display": "0"}, "missing_lines": [110], "excluded_lines": [], "start_line": 104}, "get_default_error_handler_chain": {"executed_lines": [119], "summary": {"covered_lines": 1, "num_statements": 1, "percent_covered": 100.0, "percent_covered_display": "100", "missing_lines": 0, "excluded_lines": 0, "percent_statements_covered": 100.0, "percent_statements_covered_display": "100"}, "missing_lines": [], "excluded_lines": [], "start_line": 113}, "": {"executed_lines": [6, 8, 11, 12, 18, 29, 38, 44, 48, 53, 59, 63, 75, 81, 89, 104, 113], "summary": {"covered_lines": 17, "num_statements": 17, "percent_covered": 100.0, "percent_covered_display": "100", "missing_lines": 0, "excluded_lines": 3, "percent_statements_covered": 100.0, "percent_statements_covered_display": "100"}, "missing_lines": [], "excluded_lines": [28, 36, 37], "start_line": 1}}, "classes": {"IErrorHandler": {"executed_lines": [], "summary": {"covered_lines": 0, "num_statements": 0, "percent_covered": 100.0, "percent_covered_display": "100", "missing_lines": 0, "excluded_lines": 2, "percent_statements_covered": 100.0, "percent_statements_covered_display": "100"}, "missing_lines": [], "excluded_lines": [27, 35], "start_line": 12}, "BaseErrorHandler": {"executed_lines": [46, 50], "summary": {"covered_lines": 2, "num_statements": 2, "percent_covered": 100.0, "percent_covered_display": "100", "missing_lines": 0, "excluded_lines": 0, "percent_statements_covered": 100.0, "percent_statements_covered_display": "100"}, "missing_lines": [], "excluded_lines": [], "start_line": 38}, "CLIErrorHandler": {"executed_lines": [61, 65, 67, 69, 70, 71, 72], "summary": {"covered_lines": 7, "num_statements": 7, "percent_covered": 100.0, "percent_covered_display": "100", "missing_lines": 0, "excluded_lines": 0, "percent_statements_covered": 100.0, "percent_statements_covered_display": "100"}, "missing_lines": [], "excluded_lines": [], "start_line": 53}, "ErrorHandlerChain": {"executed_lines": [87, 98, 99, 100, 101], "summary": {"covered_lines": 5, "num_statements": 7, "percent_covered": 71.42857142857143, "percent_covered_display": "71", "missing_lines": 2, "excluded_lines": 0, "percent_statements_covered": 71.42857142857143, "percent_statements_covered_display": "71"}, "missing_lines": [102, 110], "excluded_lines": [], "start_line": 75}, "": {"executed_lines": [6, 8, 11, 12, 18, 29, 38, 44, 48, 53, 59, 63, 75, 81, 89, 104, 113, 119], "summary": {"covered_lines": 18, "num_statements": 18, "percent_covered": 100.0, "percent_covered_display": "100", "missing_lines": 0, "excluded_lines": 3, "percent_statements_covered": 100.0, "percent_statements_covered_display": "100"}, "missing_lines": [], "excluded_lines": [28, 36, 37], "start_line": 1}}}, "src\\ptk_repl\\core\\exceptions\\__init__.py": {"executed_lines": [3, 9], "summary": {"covered_lines": 2, "num_statements": 2, "percent_covered": 100.0, "percent_covered_display": "100", "missing_lines": 0, "excluded_lines": 0, "percent_statements_covered": 100.0, "percent_statements_covered_display": "100"}, "missing_lines": [], "excluded_lines": [], "functions": {"": {"executed_lines": [3, 9], "summary": {"covered_lines": 2, "num_statements": 2, "percent_covered": 100.0, "percent_covered_display": "100", "missing_lines": 0, "excluded_lines": 0, "percent_statements_covered": 100.0, "percent_statements_covered_display": "100"}, "missing_lines": [], "excluded_lines": [], "start_line": 1}}, "classes": {"": {"executed_lines": [3, 9], "summary": {"covered_lines": 2, "num_statements": 2, "percent_covered": 100.0, "percent_covered_display": "100", "missing_lines": 0, "excluded_lines": 0, "percent_statements_covered": 100.0, "percent_statements_covered_display": "100"}, "missing_lines": [], "excluded_lines": [], "start_line": 1}}}, "src\\ptk_repl\\core\\exceptions\\cli_exceptions.py": {"executed_lines": [7, 13, 20, 21, 22, 24, 26, 27, 28, 31, 37, 40, 46, 49, 55, 58, 64, 67, 73], "summary": {"covered_lines": 19, "num_statements": 19, "percent_covered": 100.0, "percent_covered_display": "100", "missing_lines": 0, "excluded_lines": 0, "percent_statements_covered": 100.0, "percent_statements_covered_display": "100"}, "missing_lines": [], "excluded_lines": [], "functions": {"CLIException.__init__": {"executed_lines": [20, 21, 22], "summary": {"covered_lines": 3, "num_statements": 3, "percent_covered": 100.0, "percent_covered_display": "100", "missing_lines": 0, "excluded_lines": 0, "percent_statements_covered": 100.0, "percent_statements_covered_display": "100"}, "missing_lines": [], "excluded_lines": [], "start_line": 13}, "CLIException.__str__": {"executed_lines": [26, 27, 28], "summary": {"covered_lines": 3, "num_statements": 3, "percent_covered": 100.0, "percent_covered_display": "100", "missing_lines": 0, "excluded_lines": 0, "percent_statements_covered": 100.0, "percent_statements_covered_display": "100"}, "missing_lines": [], "excluded_lines": [], "start_line": 24}, "": {"executed_lines": [7, 13, 24, 31, 37, 40, 46, 49, 55, 58, 64, 67, 73], "summary": {"covered_lines": 13, "num_statements": 13, "percent_covered": 100.0, "percent_covered_display": "100", "missing_lines": 0, "excluded_lines": 0, "percent_statements_covered": 100.0, "percent_statements_covered_display": "100"}, "missing_lines": [], "excluded_lines": [], "start_line": 1}}, "classes": {"CLIException": {"executed_lines": [20, 21, 22, 26, 27, 28], "summary": {"covered_lines": 6, "num_statements": 6, "percent_covered": 100.0, "percent_covered_display": "100", "missing_lines": 0, "excluded_lines": 0, "percent_statements_covered": 100.0, "percent_statements_covered_display": "100"}, "missing_lines": [], "excluded_lines": [], "start_line": 7}, "CommandException": {"executed_lines": [], "summary": {"covered_lines": 0, "num_statements": 0, "percent_covered": 100.0, "percent_covered_display": "100", "missing_lines": 0, "excluded_lines": 0, "percent_statements_covered": 100.0, "percent_statements_covered_display": "100"}, "missing_lines": [], "excluded_lines": [], "start_line": 31}, "ModuleException": {"executed_lines": [], "summary": {"covered_lines": 0, "num_statements": 0, "percent_covered": 100.0, "percent_covered_display": "100", "missing_lines": 0, "excluded_lines": 0, "percent_statements_covered": 100.0, "percent_statements_covered_display": "100"}, "missing_lines": [], "excluded_lines": [], "start_line": 40}, "ValidationException": {"executed_lines": [], "summary": {"covered_lines": 0, "num_statements": 0, "percent_covered": 100.0, "percent_covered_display": "100", "missing_lines": 0, "excluded_lines": 0, "percent_statements_covered": 100.0, "percent_statements_covered_display": "100"}, "missing_lines": [], "excluded_lines": [], "start_line": 49}, "ConnectionException": {"executed_lines": [], "summary": {"covered_lines": 0, "num_statements": 0, "percent_covered": 100.0, "percent_covered_display": "100", "missing_lines": 0, "excluded_lines": 0, "percent_statements_covered": 100.0, "percent_statements_covered_display": "100"}, "missing_lines": [], "excluded_lines": [], "start_line": 58}, "ConfigurationException": {"executed_lines": [], "summary": {"covered_lines": 0, "num_statements": 0, "percent_covered": 100.0, "percent_covered_display": "100", "missing_lines": 0, "excluded_lines": 0, "percent_statements_covered": 100.0, "percent_statements_covered_display": "100"}, "missing_lines": [], "excluded_lines": [], "start_line": 67}, "": {"executed_lines": [7, 13, 24, 31, 37, 40, 46, 49, 55, 58, 64, 67, 73], "summary": {"covered_lines": 13, "num_statements": 13, "percent_covered": 100.0, "percent_covered_display": "100", "missing_lines": 0, "excluded_lines": 0, "percent_statements_covered": 100.0, "percent_statements_covered_display": "100"}, "missing_lines": [], "excluded_lines": [], "start_line": 1}}}, "src\\ptk_repl\\core\\execution\\__init__.py": {"executed_lines": [3, 5], "summary": {"covered_lines": 2, "num_statements": 2, "percent_covered": 100.0, "percent_covered_display": "100", "missing_lines": 0, "excluded_lines": 0, "percent_statements_covered": 100.0, "percent_statements_covered_display": "100"}, "missing_lines": [], "excluded_lines": [], "functions": {"": {"executed_lines": [3, 5], "summary": {"covered_lines": 2, "num_statements": 2, "percent_covered": 100.0, "percent_covered_display": "100", "missing_lines": 0, "excluded_lines": 0, "percent_statements_covered": 100.0, "percent_statements_covered_display": "100"}, "missing_lines": [], "excluded_lines": [], "start_line": 1}}, "classes": {"": {"executed_lines": [3, 5], "summary": {"covered_lines": 2, "num_statements": 2, "percent_covered": 100.0, "percent_covered_display": "100", "missing_lines": 0, "excluded_lines": 0, "percent_statements_covered": 100.0, "percent_statements_covered_display": "100"}, "missing_lines": [], "excluded_lines": [], "start_line": 1}}}, "src\\ptk_repl\\core\\execution\\command_executor.py": {"executed_lines": [3, 4, 6, 7, 8, 14, 22, 39, 82], "summary": {"covered_lines": 9, "num_statements": 58, "percent_covered": 15.517241379310345, "percent_covered_display": "16", "missing_lines": 49, "excluded_lines": 2, "percent_statements_covered": 15.517241379310345, "percent_statements_covered_display": "16"}, "missing_lines": [35, 36, 37, 45, 46, 47, 50, 51, 52, 55, 56, 59, 62, 66, 69, 71, 74, 77, 78, 80, 89, 90, 92, 93, 95, 96, 97, 98, 99, 100, 102, 103, 104, 107, 109, 110, 112, 115, 116, 117, 118, 119, 120, 121, 122, 124, 125, 126, 128], "excluded_lines": [10, 11], "functions": {"CommandExecutor.__init__": {"executed_lines": [], "summary": {"covered_lines": 0, "num_statements": 3, "percent_covered": 0.0, "percent_covered_display": "0", "missing_lines": 3, "excluded_lines": 0, "percent_statements_covered": 0.0, "percent_statements_covered_display": "0"}, "missing_lines": [35, 36, 37], "excluded_lines": [], "start_line": 22}, "CommandExecutor.execute": {"executed_lines": [], "summary": {"covered_lines": 0, "num_statements": 17, "percent_covered": 0.0, "percent_covered_display": "0", "missing_lines": 17, "excluded_lines": 0, "percent_statements_covered": 0.0, "percent_statements_covered_display": "0"}, "missing_lines": [45, 46, 47, 50, 51, 52, 55, 56, 59, 62, 66, 69, 71, 74, 77, 78, 80], "excluded_lines": [], "start_line": 39}, "CommandExecutor._handle_module_only": {"executed_lines": [], "summary": {"covered_lines": 0, "num_statements": 29, "percent_covered": 0.0, "percent_covered_display": "0", "missing_lines": 29, "excluded_lines": 0, "percent_statements_covered": 0.0, "percent_statements_covered_display": "0"}, "missing_lines": [89, 90, 92, 93, 95, 96, 97, 98, 99, 100, 102, 103, 104, 107, 109, 110, 112, 115, 116, 117, 118, 119, 120, 121, 122, 124, 125, 126, 128], "excluded_lines": [], "start_line": 82}, "": {"executed_lines": [3, 4, 6, 7, 8, 14, 22, 39, 82], "summary": {"covered_lines": 9, "num_statements": 9, "percent_covered": 100.0, "percent_covered_display": "100", "missing_lines": 0, "excluded_lines": 2, "percent_statements_covered": 100.0, "percent_statements_covered_display": "100"}, "missing_lines": [], "excluded_lines": [10, 11], "start_line": 1}}, "classes": {"CommandExecutor": {"executed_lines": [], "summary": {"covered_lines": 0, "num_statements": 49, "percent_covered": 0.0, "percent_covered_display": "0", "missing_lines": 49, "excluded_lines": 0, "percent_statements_covered": 0.0, "percent_statements_covered_display": "0"}, "missing_lines": [35, 36, 37, 45, 46, 47, 50, 51, 52, 55, 56, 59, 62, 66, 69, 71, 74, 77, 78, 80, 89, 90, 92, 93, 95, 96, 97, 98, 99, 100, 102, 103, 104, 107, 109, 110, 112, 115, 116, 117, 118, 119, 120, 121, 122, 124, 125, 126, 128], "excluded_lines": [], "start_line": 14}, "": {"executed_lines": [3, 4, 6, 7, 8, 14, 22, 39, 82], "summary": {"covered_lines": 9, "num_statements": 9, "percent_covered": 100.0, "percent_covered_display": "100", "missing_lines": 0, "excluded_lines": 2, "percent_statements_covered": 100.0, "percent_statements_covered_display": "100"}, "missing_lines": [], "excluded_lines": [10, 11], "start_line": 1}}}, "src\\ptk_repl\\core\\formatting\\__init__.py": {"executed_lines": [3, 5], "summary": {"covered_lines": 2, "num_statements": 2, "percent_covered": 100.0, "percent_covered_display": "100", "missing_lines": 0, "excluded_lines": 0, "percent_statements_covered": 100.0, "percent_statements_covered_display": "100"}, "missing_lines": [], "excluded_lines": [], "functions": {"": {"executed_lines": [3, 5], "summary": {"covered_lines": 2, "num_statements": 2, "percent_covered": 100.0, "percent_covered_display": "100", "missing_lines": 0, "excluded_lines": 0, "percent_statements_covered": 100.0, "percent_statements_covered_display": "100"}, "missing_lines": [], "excluded_lines": [], "start_line": 1}}, "classes": {"": {"executed_lines": [3, 5], "summary": {"covered_lines": 2, "num_statements": 2, "percent_covered": 100.0, "percent_covered_display": "100", "missing_lines": 0, "excluded_lines": 0, "percent_statements_covered": 100.0, "percent_statements_covered_display": "100"}, "missing_lines": [], "excluded_lines": [], "start_line": 1}}}, "src\\ptk_repl\\core\\formatting\\help_formatter.py": {"executed_lines": [10, 11, 13, 15, 18, 24, 34, 41, 42, 43, 45, 55, 56, 57, 59, 62, 63, 64, 65, 67, 76, 79, 80, 81, 82, 84, 85, 91, 93, 95, 105, 106, 108, 109, 110, 112, 114, 120, 123, 124, 126, 127, 128, 129, 130, 131, 132, 134, 137, 138, 139, 141, 142, 143, 147, 148, 151, 154, 156, 159, 160, 161, 162, 163, 164, 167, 168, 170, 173, 174, 175, 176, 177, 178, 180, 182, 193, 194, 196, 197, 261, 271, 272, 273, 275, 276, 277, 328, 330, 332, 334, 335, 337, 339, 341, 343, 345, 359, 362, 364, 368, 371, 374, 375, 376, 377, 380, 381, 382, 385, 386, 389, 391, 401, 403, 412, 414, 423, 427], "summary": {"covered_lines": 119, "num_statements": 197, "percent_covered": 60.40609137055838, "percent_covered_display": "60", "missing_lines": 78, "excluded_lines": 2, "percent_statements_covered": 60.40609137055838, "percent_statements_covered_display": "60"}, "missing_lines": [144, 152, 199, 200, 201, 202, 204, 207, 208, 209, 210, 213, 214, 215, 218, 219, 220, 221, 222, 224, 225, 227, 228, 230, 231, 234, 235, 236, 237, 238, 240, 241, 242, 245, 246, 247, 249, 250, 251, 252, 253, 254, 256, 257, 259, 279, 282, 283, 284, 285, 286, 289, 291, 292, 293, 294, 295, 296, 297, 300, 301, 302, 305, 306, 307, 308, 310, 311, 312, 313, 315, 316, 317, 320, 321, 322, 324, 366], "excluded_lines": [20, 21], "functions": {"HelpFormatter.__init__": {"executed_lines": [41, 42, 43], "summary": {"covered_lines": 3, "num_statements": 3, "percent_covered": 100.0, "percent_covered_display": "100", "missing_lines": 0, "excluded_lines": 0, "percent_statements_covered": 100.0, "percent_statements_covered_display": "100"}, "missing_lines": [], "excluded_lines": [], "start_line": 34}, "HelpFormatter.extract_command_description": {"executed_lines": [55, 56, 57, 59, 62, 63, 64, 65], "summary": {"covered_lines": 8, "num_statements": 8, "percent_covered": 100.0, "percent_covered_display": "100", "missing_lines": 0, "excluded_lines": 0, "percent_statements_covered": 100.0, "percent_statements_covered_display": "100"}, "missing_lines": [], "excluded_lines": [], "start_line": 45}, "HelpFormatter.extract_parameter_info": {"executed_lines": [76, 79, 80, 81, 82, 84, 85, 91, 93], "summary": {"covered_lines": 9, "num_statements": 9, "percent_covered": 100.0, "percent_covered_display": "100", "missing_lines": 0, "excluded_lines": 0, "percent_statements_covered": 100.0, "percent_statements_covered_display": "100"}, "missing_lines": [], "excluded_lines": [], "start_line": 67}, "HelpFormatter.get_command_aliases": {"executed_lines": [105, 106, 108, 109, 110, 112], "summary": {"covered_lines": 6, "num_statements": 6, "percent_covered": 100.0, "percent_covered_display": "100", "missing_lines": 0, "excluded_lines": 0, "percent_statements_covered": 100.0, "percent_statements_covered_display": "100"}, "missing_lines": [], "excluded_lines": [], "start_line": 95}, "HelpFormatter.format_overview_help": {"executed_lines": [120, 123, 124, 126, 127, 128, 129, 130, 131, 132, 134, 137, 138, 139, 141, 142, 143, 147, 148, 151, 154, 156, 159, 160, 161, 162, 163, 164, 167, 168, 170, 173, 174, 175, 176, 177, 178, 180], "summary": {"covered_lines": 38, "num_statements": 40, "percent_covered": 95.0, "percent_covered_display": "95", "missing_lines": 2, "excluded_lines": 0, "percent_statements_covered": 95.0, "percent_statements_covered_display": "95"}, "missing_lines": [144, 152], "excluded_lines": [], "start_line": 114}, "HelpFormatter.format_command_help": {"executed_lines": [193, 194, 196, 197], "summary": {"covered_lines": 4, "num_statements": 47, "percent_covered": 8.51063829787234, "percent_covered_display": "9", "missing_lines": 43, "excluded_lines": 0, "percent_statements_covered": 8.51063829787234, "percent_statements_covered_display": "9"}, "missing_lines": [199, 200, 201, 202, 204, 207, 208, 209, 210, 213, 214, 215, 218, 219, 220, 221, 222, 224, 225, 227, 228, 230, 231, 234, 235, 236, 237, 238, 240, 241, 242, 245, 246, 247, 249, 250, 251, 252, 253, 254, 256, 257, 259], "excluded_lines": [], "start_line": 182}, "HelpFormatter.format_module_help": {"executed_lines": [271, 272, 273, 275, 276, 277], "summary": {"covered_lines": 6, "num_statements": 38, "percent_covered": 15.789473684210526, "percent_covered_display": "16", "missing_lines": 32, "excluded_lines": 0, "percent_statements_covered": 15.789473684210526, "percent_statements_covered_display": "16"}, "missing_lines": [279, 282, 283, 284, 285, 286, 289, 291, 292, 293, 294, 295, 296, 297, 300, 301, 302, 305, 306, 307, 308, 310, 311, 312, 313, 315, 316, 317, 320, 321, 322, 324], "excluded_lines": [], "start_line": 261}, "HelpFormatter._separator": {"executed_lines": [330], "summary": {"covered_lines": 1, "num_statements": 1, "percent_covered": 100.0, "percent_covered_display": "100", "missing_lines": 0, "excluded_lines": 0, "percent_statements_covered": 100.0, "percent_statements_covered_display": "100"}, "missing_lines": [], "excluded_lines": [], "start_line": 328}, "HelpFormatter._title": {"executed_lines": [334, 335], "summary": {"covered_lines": 2, "num_statements": 2, "percent_covered": 100.0, "percent_covered_display": "100", "missing_lines": 0, "excluded_lines": 0, "percent_statements_covered": 100.0, "percent_statements_covered_display": "100"}, "missing_lines": [], "excluded_lines": [], "start_line": 332}, "HelpFormatter._section_header": {"executed_lines": [339], "summary": {"covered_lines": 1, "num_statements": 1, "percent_covered": 100.0, "percent_covered_display": "100", "missing_lines": 0, "excluded_lines": 0, "percent_statements_covered": 100.0, "percent_statements_covered_display": "100"}, "missing_lines": [], "excluded_lines": [], "start_line": 337}, "HelpFormatter._label": {"executed_lines": [343], "summary": {"covered_lines": 1, "num_statements": 1, "percent_covered": 100.0, "percent_covered_display": "100", "missing_lines": 0, "excluded_lines": 0, "percent_statements_covered": 100.0, "percent_statements_covered_display": "100"}, "missing_lines": [], "excluded_lines": [], "start_line": 341}, "HelpFormatter._format_command_item": {"executed_lines": [359, 362, 364, 368, 371, 374, 375, 376, 377, 380, 381, 382, 385, 386, 389], "summary": {"covered_lines": 15, "num_statements": 15, "percent_covered": 100.0, "percent_covered_display": "100", "missing_lines": 0, "excluded_lines": 0, "percent_statements_covered": 100.0, "percent_statements_covered_display": "100"}, "missing_lines": [], "excluded_lines": [], "start_line": 345}, "HelpFormatter._format_command_item.visible_length": {"executed_lines": [], "summary": {"covered_lines": 0, "num_statements": 1, "percent_covered": 0.0, "percent_covered_display": "0", "missing_lines": 1, "excluded_lines": 0, "percent_statements_covered": 0.0, "percent_statements_covered_display": "0"}, "missing_lines": [366], "excluded_lines": [], "start_line": 364}, "HelpFormatter._color_text": {"executed_lines": [401], "summary": {"covered_lines": 1, "num_statements": 1, "percent_covered": 100.0, "percent_covered_display": "100", "missing_lines": 0, "excluded_lines": 0, "percent_statements_covered": 100.0, "percent_statements_covered_display": "100"}, "missing_lines": [], "excluded_lines": [], "start_line": 391}, "HelpFormatter._error": {"executed_lines": [412], "summary": {"covered_lines": 1, "num_statements": 1, "percent_covered": 100.0, "percent_covered_display": "100", "missing_lines": 0, "excluded_lines": 0, "percent_statements_covered": 100.0, "percent_statements_covered_display": "100"}, "missing_lines": [], "excluded_lines": [], "start_line": 403}, "HelpFormatter._get_short_module_alias": {"executed_lines": [423, 427], "summary": {"covered_lines": 2, "num_statements": 2, "percent_covered": 100.0, "percent_covered_display": "100", "missing_lines": 0, "excluded_lines": 0, "percent_statements_covered": 100.0, "percent_statements_covered_display": "100"}, "missing_lines": [], "excluded_lines": [], "start_line": 414}, "": {"executed_lines": [10, 11, 13, 15, 18, 24, 34, 45, 67, 95, 114, 182, 261, 328, 332, 337, 341, 345, 391, 403, 414], "summary": {"covered_lines": 21, "num_statements": 21, "percent_covered": 100.0, "percent_covered_display": "100", "missing_lines": 0, "excluded_lines": 2, "percent_statements_covered": 100.0, "percent_statements_covered_display": "100"}, "missing_lines": [], "excluded_lines": [20, 21], "start_line": 1}}, "classes": {"HelpFormatter": {"e
[...]
_lines": [], "summary": {"covered_lines": 0, "num_statements": 10, "percent_covered": 0.0, "percent_covered_display": "0", "missing_lines": 10, "excluded_lines": 0, "percent_statements_covered": 0.0, "percent_statements_covered_display": "0"}, "missing_lines": [84, 85, 87, 88, 89, 90, 91, 92, 93, 94], "excluded_lines": [], "start_line": 77}, "_tail_direct_log": {"executed_lines": [], "summary": {"covered_lines": 0, "num_statements": 2, "percent_covered": 0.0, "percent_covered_display": "0", "missing_lines": 2, "excluded_lines": 0, "percent_statements_covered": 0.0, "percent_statements_covered_display": "0"}, "missing_lines": [104, 105], "excluded_lines": [], "start_line": 97}, "_tail_k8s_log": {"executed_lines": [], "summary": {"covered_lines": 0, "num_statements": 22, "percent_covered": 0.0, "percent_covered_display": "0", "missing_lines": 22, "excluded_lines": 0, "percent_statements_covered": 0.0, "percent_statements_covered_display": "0"}, "missing_lines": [115, 118, 119, 121, 122, 123, 126, 127, 128, 131, 133, 135, 136, 138, 141, 143, 144, 146, 148, 149, 151, 152], "excluded_lines": [], "start_line": 108}, "_tail_docker_log": {"executed_lines": [], "summary": {"covered_lines": 0, "num_statements": 13, "percent_covered": 0.0, "percent_covered_display": "0", "missing_lines": 13, "excluded_lines": 0, "percent_statements_covered": 0.0, "percent_statements_covered_display": "0"}, "missing_lines": [162, 165, 166, 168, 169, 170, 173, 174, 175, 178, 180, 183, 185], "excluded_lines": [], "start_line": 155}, "": {"executed_lines": [], "summary": {"covered_lines": 0, "num_statements": 11, "percent_covered": 0.0, "percent_covered_display": "0", "missing_lines": 11, "excluded_lines": 0, "percent_statements_covered": 0.0, "percent_statements_covered_display": "0"}, "missing_lines": [3, 4, 6, 9, 27, 45, 58, 77, 97, 108, 155], "excluded_lines": [], "start_line": 1}}, "classes": {"": {"executed_lines": [], "summary": {"covered_lines": 0, "num_statements": 78, "percent_covered": 0.0, "percent_covered_display": "0", "missing_lines": 78, "excluded_lines": 0, "percent_statements_covered": 0.0, "percent_statements_covered_display": "0"}, "missing_lines": [3, 4, 6, 9, 17, 18, 19, 20, 21, 22, 24, 27, 37, 38, 39, 40, 41, 42, 45, 54, 55, 58, 68, 69, 71, 73, 74, 77, 84, 85, 87, 88, 89, 90, 91, 92, 93, 94, 97, 104, 105, 108, 115, 118, 119, 121, 122, 123, 126, 127, 128, 131, 133, 135, 136, 138, 141, 143, 144, 146, 148, 149, 151, 152, 155, 162, 165, 166, 168, 169, 170, 173, 174, 175, 178, 180, 183, 185], "excluded_lines": [], "start_line": 1}}}, "src\\ptk_repl\\state\\__init__.py": {"executed_lines": [], "summary": {"covered_lines": 0, "num_statements": 0, "percent_covered": 100.0, "percent_covered_display": "100", "missing_lines": 0, "excluded_lines": 0, "percent_statements_covered": 100.0, "percent_statements_covered_display": "100"}, "missing_lines": [], "excluded_lines": [], "functions": {"": {"executed_lines": [], "summary": {"covered_lines": 0, "num_statements": 0, "percent_covered": 100.0, "percent_covered_display": "100", "missing_lines": 0, "excluded_lines": 0, "percent_statements_covered": 100.0, "percent_statements_covered_display": "100"}, "missing_lines": [], "excluded_lines": [], "start_line": 1}}, "classes": {"": {"executed_lines": [], "summary": {"covered_lines": 0, "num_statements": 0, "percent_covered": 100.0, "percent_covered_display": "100", "missing_lines": 0, "excluded_lines": 0, "percent_statements_covered": 100.0, "percent_statements_covered_display": "100"}, "missing_lines": [], "excluded_lines": [], "start_line": 1}}}, "src\\ptk_repl\\state\\connection_context.py": {"executed_lines": [6, 7, 8, 11, 14, 15, 16, 17, 20, 26, 27, 28, 32, 33, 37, 38, 42, 43, 47, 48, 66, 69, 71, 72, 73, 75, 76, 78, 80, 81, 83, 85, 87, 88, 89, 91, 93, 95, 97, 98, 99, 101, 110, 112, 115, 118, 120, 121, 122, 124, 125, 127, 129, 130, 132, 134, 136, 137, 138, 140, 142, 144, 146, 147, 148, 150, 159, 161], "summary": {"covered_lines": 68, "num_statements": 75, "percent_covered": 90.66666666666667, "percent_covered_display": "91", "missing_lines": 7, "excluded_lines": 0, "percent_statements_covered": 90.66666666666667, "percent_statements_covered_display": "91"}, "missing_lines": [30, 35, 40, 45, 63, 103, 152], "excluded_lines": [], "functions": {"ConnectionContext.connection_type": {"executed_lines": [], "summary": {"covered_lines": 0, "num_statements": 1, "percent_covered": 0.0, "percent_covered_display": "0", "missing_lines": 1, "excluded_lines": 0, "percent_statements_covered": 0.0, "percent_statements_covered_display": "0"}, "missing_lines": [30], "excluded_lines": [], "start_line": 28}, "ConnectionContext.is_connected": {"executed_lines": [], "summary": {"covered_lines": 0, "num_statements": 1, "percent_covered": 0.0, "percent_covered_display": "0", "missing_lines": 1, "excluded_lines": 0, "percent_statements_covered": 0.0, "percent_statements_covered_display": "0"}, "missing_lines": [35], "excluded_lines": [], "start_line": 33}, "ConnectionContext.disconnect": {"executed_lines": [], "summary": {"covered_lines": 0, "num_statements": 1, "percent_covered": 0.0, "percent_covered_display": "0", "missing_lines": 1, "excluded_lines": 0, "percent_statements_covered": 0.0, "percent_statements_covered_display": "0"}, "missing_lines": [40], "excluded_lines": [], "start_line": 38}, "ConnectionContext.get_connection_info": {"executed_lines": [], "summary": {"covered_lines": 0, "num_statements": 1, "percent_covered": 0.0, "percent_covered_display": "0", "missing_lines": 1, "excluded_lines": 0, "percent_statements_covered": 0.0, "percent_statements_covered_display": "0"}, "missing_lines": [45], "excluded_lines": [], "start_line": 43}, "ConnectionContext.get_prompt_suffix": {"executed_lines": [], "summary": {"covered_lines": 0, "num_statements": 1, "percent_covered": 0.0, "percent_covered_display": "0", "missing_lines": 1, "excluded_lines": 0, "percent_statements_covered": 0.0, "percent_statements_covered_display": "0"}, "missing_lines": [63], "excluded_lines": [], "start_line": 48}, "SSHConnectionContext.__init__": {"executed_lines": [71, 72, 73], "summary": {"covered_lines": 3, "num_statements": 3, "percent_covered": 100.0, "percent_covered_display": "100", "missing_lines": 0, "excluded_lines": 0, "percent_statements_covered": 100.0, "percent_statements_covered_display": "100"}, "missing_lines": [], "excluded_lines": [], "start_line": 69}, "SSHConnectionContext.connection_type": {"executed_lines": [78], "summary": {"covered_lines": 1, "num_statements": 1, "percent_covered": 100.0, "percent_covered_display": "100", "missing_lines": 0, "excluded_lines": 0, "percent_statements_covered": 100.0, "percent_statements_covered_display": "100"}, "missing_lines": [], "excluded_lines": [], "start_line": 76}, "SSHConnectionContext.current_env": {"executed_lines": [83], "summary": {"covered_lines": 1, "num_statements": 1, "percent_covered": 100.0, "percent_covered_display": "100", "missing_lines": 0, "excluded_lines": 0, "percent_statements_covered": 100.0, "percent_statements_covered_display": "100"}, "missing_lines": [], "excluded_lines": [], "start_line": 81}, "SSHConnectionContext.set_env": {"executed_lines": [87, 88, 89], "summary": {"covered_lines": 3, "num_statements": 3, "percent_covered": 100.0, "percent_covered_display": "100", "missing_lines": 0, "excluded_lines": 0, "percent_statements_covered": 100.0, "percent_statements_covered_display": "100"}, "missing_lines": [], "excluded_lines": [], "start_line": 85}, "SSHConnectionContext.is_connected": {"executed_lines": [93], "summary": {"covered_lines": 1, "num_statements": 1, "percent_covered": 100.0, "percent_covered_display": "100", "missing_lines": 0, "excluded_lines": 0, "percent_statements_covered": 100.0, "percent_statements_covered_display": "100"}, "missing_lines": [], "excluded_lines": [], "start_line": 91}, "SSHConnectionContext.disconnect": {"executed_lines": [97, 98, 99], "summary": {"covered_lines": 3, "num_statements": 3, "percent_covered": 100.0, "percent_covered_display": "100", "missing_lines": 0, "excluded_lines": 0, "percent_statements_covered": 100.0, "percent_statements_covered_display": "100"}, "missing_lines": [], "excluded_lines": [], "start_line": 95}, "SSHConnectionContext.get_connection_info": {"executed_lines": [], "summary": {"covered_lines": 0, "num_statements": 1, "percent_covered": 0.0, "percent_covered_display": "0", "missing_lines": 1, "excluded_lines": 0, "percent_statements_covered": 0.0, "percent_statements_covered_display": "0"}, "missing_lines": [103], "excluded_lines": [], "start_line": 101}, "SSHConnectionContext.get_prompt_suffix": {"executed_lines": [112], "summary": {"covered_lines": 1, "num_statements": 1, "percent_covered": 100.0, "percent_covered_display": "100", "missing_lines": 0, "excluded_lines": 0, "percent_statements_covered": 100.0, "percent_statements_covered_display": "100"}, "missing_lines": [], "excluded_lines": [], "start_line": 110}, "DatabaseConnectionContext.__init__": {"executed_lines": [120, 121, 122], "summary": {"covered_lines": 3, "num_statements": 3, "percent_covered": 100.0, "percent_covered_display": "100", "missing_lines": 0, "excluded_lines": 0, "percent_statements_covered": 100.0, "percent_statements_covered_display": "100"}, "missing_lines": [], "excluded_lines": [], "start_line": 118}, "DatabaseConnectionContext.connection_type": {"executed_lines": [127], "summary": {"covered_lines": 1, "num_statements": 1, "percent_covered": 100.0, "percent_covered_display": "100", "missing_lines": 0, "excluded_lines": 0, "percent_statements_covered": 100.0, "percent_statements_covered_display": "100"}, "missing_lines": [], "excluded_lines": [], "start_line": 125}, "DatabaseConnectionContext.active_database": {"executed_lines": [132], "summary": {"covered_lines": 1, "num_statements": 1, "percent_covered": 100.0, "percent_covered_display": "100", "missing_lines": 0, "excluded_lines": 0, "percent_statements_covered": 100.0, "percent_statements_covered_display": "100"}, "missing_lines": [], "excluded_lines": [], "start_line": 130}, "DatabaseConnectionContext.set_database": {"executed_lines": [136, 137, 138], "summary": {"covered_lines": 3, "num_statements": 3, "percent_covered": 100.0, "percent_covered_display": "100", "missing_lines": 0, "excluded_lines": 0, "percent_statements_covered": 100.0, "percent_statements_covered_display": "100"}, "missing_lines": [], "excluded_lines": [], "start_line": 134}, "DatabaseConnectionContext.is_connected": {"executed_lines": [142], "summary": {"covered_lines": 1, "num_statements": 1, "percent_covered": 100.0, "percent_covered_display": "100", "missing_lines": 0, "excluded_lines": 0, "percent_statements_covered": 100.0, "percent_statements_covered_display": "100"}, "missing_lines": [], "excluded_lines": [], "start_line": 140}, "DatabaseConnectionContext.disconnect": {"executed_lines": [146, 147, 148], "summary": {"covered_lines": 3, "num_statements": 3, "percent_covered": 100.0, "percent_covered_display": "100", "missing_lines": 0, "excluded_lines": 0, "percent_statements_covered": 100.0, "percent_statements_covered_display": "100"}, "missing_lines": [], "excluded_lines": [], "start_line": 144}, "DatabaseConnectionContext.get_connection_info": {"executed_lines": [], "summary": {"covered_lines": 0, "num_statements": 1, "percent_covered": 0.0, "percent_covered_display": "0", "missing_lines": 1, "excluded_lines": 0, "percent_statements_covered": 0.0, "percent_statements_covered_display": "0"}, "missing_lines": [152], "excluded_lines": [], "start_line": 150}, "DatabaseConnectionContext.get_prompt_suffix": {"executed_lines": [161], "summary": {"covered_lines": 1, "num_statements": 1, "percent_covered": 100.0, "percent_covered_display": "100", "missing_lines": 0, "excluded_lines": 0, "percent_statements_covered": 100.0, "percent_statements_covered_display": "100"}, "missing_lines": [], "excluded_lines": [], "start_line": 159}, "": {"executed_lines": [6, 7, 8, 11, 14, 15, 16, 17, 20, 26, 27, 28, 32, 33, 37, 38, 42, 43, 47, 48, 66, 69, 75, 76, 80, 81, 85, 91, 95, 101, 110, 115, 118, 124, 125, 129, 130, 134, 140, 144, 150, 159], "summary": {"covered_lines": 42, "num_statements": 42, "percent_covered": 100.0, "percent_covered_display": "100", "missing_lines": 0, "excluded_lines": 0, "percent_statements_covered": 100.0, "percent_statements_covered_display": "100"}, "missing_lines": [], "excluded_lines": [], "start_line": 1}}, "classes": {"ConnectionType": {"executed_lines": [], "summary": {"covered_lines": 0, "num_statements": 0, "percent_covered": 100.0, "percent_covered_display": "100", "missing_lines": 0, "excluded_lines": 0, "percent_statements_covered": 100.0, "percent_statements_covered_display": "100"}, "missing_lines": [], "excluded_lines": [], "start_line": 11}, "ConnectionContext": {"executed_lines": [], "summary": {"covered_lines": 0, "num_statements": 5, "percent_covered": 0.0, "percent_covered_display": "0", "missing_lines": 5, "excluded_lines": 0, "percent_statements_covered": 0.0, "percent_statements_covered_display": "0"}, "missing_lines": [30, 35, 40, 45, 63], "excluded_lines": [], "start_line": 20}, "SSHConnectionContext": {"executed_lines": [71, 72, 73, 78, 83, 87, 88, 89, 93, 97, 98, 99, 112], "summary": {"covered_lines": 13, "num_statements": 14, "percent_covered": 92.85714285714286, "percent_covered_display": "93", "missing_lines": 1, "excluded_lines": 0, "percent_statements_covered": 92.85714285714286, "percent_statements_covered_display": "93"}, "missing_lines": [103], "excluded_lines": [], "start_line": 66}, "DatabaseConnectionContext": {"executed_lines": [120, 121, 122, 127, 132, 136, 137, 138, 142, 146, 147, 148, 161], "summary": {"covered_lines": 13, "num_statements": 14, "percent_covered": 92.85714285714286, "percent_covered_display": "93", "missing_lines": 1, "excluded_lines": 0, "percent_statements_covered": 92.85714285714286, "percent_statements_covered_display": "93"}, "missing_lines": [152], "excluded_lines": [], "start_line": 115}, "": {"executed_lines": [6, 7, 8, 11, 14, 15, 16, 17, 20, 26, 27, 28, 32, 33, 37, 38, 42, 43, 47, 48, 66, 69, 75, 76, 80, 81, 85, 91, 95, 101, 110, 115, 118, 124, 125, 129, 130, 134, 140, 144, 150, 159], "summary": {"covered_lines": 42, "num_statements": 42, "percent_covered": 100.0, "percent_covered_display": "100", "missing_lines": 0, "excluded_lines": 0, "percent_statements_covered": 100.0, "percent_statements_covered_display": "100"}, "missing_lines": [], "excluded_lines": [], "start_line": 1}}}, "src\\ptk_repl\\state\\global_state.py": {"executed_lines": [3, 5, 7, 10, 18, 20, 21, 22, 23, 26, 28, 34, 35, 37, 43, 45, 47, 48, 49, 50, 51, 52, 53, 55, 72], "summary": {"covered_lines": 25, "num_statements": 31, "percent_covered": 80.64516129032258, "percent_covered_display": "81", "missing_lines": 6, "excluded_lines": 0, "percent_statements_covered": 80.64516129032258, "percent_statements_covered_display": "81"}, "missing_lines": [57, 58, 59, 66, 67, 74], "excluded_lines": [], "functions": {"GlobalState.set_connection_context": {"executed_lines": [34, 35], "summary": {"covered_lines": 2, "num_statements": 2, "percent_covered": 100.0, "percent_covered_display": "100", "missing_lines": 0, "excluded_lines": 0, "percent_statements_covered": 100.0, "percent_statements_covered_display": "100"}, "missing_lines": [], "excluded_lines": [], "start_line": 28}, "GlobalState.get_connection_context": {"executed_lines": [43], "summary": {"covered_lines": 1, "num_statements": 1, "percent_covered": 100.0, "percent_covered_display": "100", "missing_lines": 0, "excluded_lines": 0, "percent_statements_covered": 100.0, "percent_statements_covered_display": "100"}, "missing_lines": [], "excluded_lines": [], "start_line": 37}, "GlobalState.clear_connection_context": {"executed_lines": [47, 48, 49, 50, 51, 52, 53], "summary": {"covered_lines": 7, "num_statements": 7, "percent_covered": 100.0, "percent_covered_display": "100", "missing_lines": 0, "excluded_lines": 0, "percent_statements_covered": 100.0, "percent_statements_covered_display": "100"}, "missing_lines": [], "excluded_lines": [], "start_line": 45}, "GlobalState.get_connection_info": {"executed_lines": [], "summary": {"covered_lines": 0, "num_statements": 5, "percent_covered": 0.0, "percent_covered_display": "0", "missing_lines": 5, "excluded_lines": 0, "percent_statements_covered": 0.0, "percent_statements_covered_display": "0"}, "missing_lines": [57, 58, 59, 66, 67], "excluded_lines": [], "start_line": 55}, "GlobalState.reset": {"executed_lines": [], "summary": {"covered_lines": 0, "num_statements": 1, "percent_covered": 0.0, "percent_covered_display": "0", "missing_lines": 1, "excluded_lines": 0, "percent_statements_covered": 0.0, "percent_statements_covered_display": "0"}, "missing_lines": [74], "excluded_lines": [], "start_line": 72}, "": {"executed_lines": [3, 5, 7, 10, 18, 20, 21, 22, 23, 26, 28, 37, 45, 55, 72], "summary": {"covered_lines": 15, "num_statements": 15, "percent_covered": 100.0, "percent_covered_display": "100", "missing_lines": 0, "excluded_lines": 0, "percent_statements_covered": 100.0, "percent_statements_covered_display": "100"}, "missing_lines": [], "excluded_lines": [], "start_line": 1}}, "classes": {"GlobalState": {"executed_lines": [34, 35, 43, 47, 48, 49, 50, 51, 52, 53], "summary": {"covered_lines": 10, "num_statements": 16, "percent_covered": 62.5, "percent_covered_display": "62", "missing_lines": 6, "excluded_lines": 0, "percent_statements_covered": 62.5, "percent_statements_covered_display": "62"}, "missing_lines": [57, 58, 59, 66, 67, 74], "excluded_lines": [], "start_line": 10}, "": {"executed_lines": [3, 5, 7, 10, 18, 20, 21, 22, 23, 26, 28, 37, 45, 55, 72], "summary": {"covered_lines": 15, "num_statements": 15, "percent_covered": 100.0, "percent_covered_display": "100", "missing_lines": 0, "excluded_lines": 0, "percent_statements_covered": 100.0, "percent_statements_covered_display": "100"}, "missing_lines": [], "excluded_lines": [], "start_line": 1}}}, "src\\ptk_repl\\state\\module_state.py": {"executed_lines": [3, 6, 12], "summary": {"covered_lines": 3, "num_statements": 4, "percent_covered": 75.0, "percent_covered_display": "75", "missing_lines": 1, "excluded_lines": 0, "percent_statements_covered": 75.0, "percent_statements_covered_display": "75"}, "missing_lines": [14], "excluded_lines": [], "functions": {"ModuleState.reset": {"executed_lines": [], "summary": {"covered_lines": 0, "num_statements": 1, "percent_covered": 0.0, "percent_covered_display": "0", "missing_lines": 1, "excluded_lines": 0, "percent_statements_covered": 0.0, "percent_statements_covered_display": "0"}, "missing_lines": [14], "excluded_lines": [], "start_line": 12}, "": {"executed_lines": [3, 6, 12], "summary": {"covered_lines": 3, "num_statements": 3, "percent_covered": 100.0, "percent_covered_display": "100", "missing_lines": 0, "excluded_lines": 0, "percent_statements_covered": 100.0, "percent_statements_covered_display": "100"}, "missing_lines": [], "excluded_lines": [], "start_line": 1}}, "classes": {"ModuleState": {"executed_lines": [], "summary": {"covered_lines": 0, "num_statements": 1, "percent_covered": 0.0, "percent_covered_display": "0", "missing_lines": 1, "excluded_lines": 0, "percent_statements_covered": 0.0, "percent_statements_covered_display": "0"}, "missing_lines": [14], "excluded_lines": [], "start_line": 6}, "": {"executed_lines": [3, 6, 12], "summary": {"covered_lines": 3, "num_statements": 3, "percent_covered": 100.0, "percent_covered_display": "100", "missing_lines": 0, "excluded_lines": 0, "percent_statements_covered": 100.0, "percent_statements_covered_display": "100"}, "missing_lines": [], "excluded_lines": [], "start_line": 1}}}}, "totals": {"covered_lines": 1100, "num_statements": 1951, "percent_covered": 56.38134290107637, "percent_covered_display": "56", "missing_lines": 851, "excluded_lines": 115, "percent_statements_covered": 56.38134290107637, "percent_statements_covered_display": "56"}}